2024-08-22 06:42:33,030 - ERROR - | Mails - mail | - Email Send Failed - (535, b'5.7.8 Username and Password not accepted. For more information, go to\n5.7.8  https://support.google.com/mail/?p=BadCredentials 41be03b00d2f7-7cd9acabbf3sm189101a12.29 - gsmtp')
2024-08-22 06:42:33,031 - ERROR - /admin/forgetPassword SMTP server error
2024-08-22 06:58:51,635 - ERROR - | Mails - mail | - Email Send Failed - (535, b'5.7.8 Username and Password not accepted. For more information, go to\n5.7.8  https://support.google.com/mail/?p=BadCredentials d2e1a72fcca58-7143424966csm287205b3a.54 - gsmtp')
2024-08-22 06:58:51,636 - ERROR - /admin/forgetPassword SMTP server error
2024-08-22 07:08:57,861 - ERROR - | Mails - mail | - Email Send Failed - (535, b'5.7.8 Username and Password not accepted. For more information, go to\n5.7.8  https://support.google.com/mail/?p=BadCredentials 98e67ed59e1d1-2d613919fd2sm324929a91.13 - gsmtp')
2024-08-22 07:08:57,861 - ERROR - /admin/forgetPassword SMTP server error
2024-08-22 07:22:18,735 - ERROR - | Mails - mail | - Email Send Failed - (534, b'5.7.9 Application-specific password required. For more information, go to\n5.7.9  https://support.google.com/mail/?p=InvalidSecondFactor d2e1a72fcca58-71434258533sm304956b3a.86 - gsmtp')
2024-08-22 07:22:18,736 - ERROR - /admin/forgetPassword SMTP server error
2024-08-22 07:45:29,557 - ERROR - /admin/otp -> int() argument must be a string, a bytes-like object or a real number, not 'NoneType'
2024-08-22 08:05:55,027 - ERROR - |auth - verify_token| -> Signature has expired.
2024-08-23 08:47:56,956 - ERROR - |auth - verify_token| -> Signature has expired.
2024-08-23 08:51:02,335 - ERROR - |auth - verify_token| -> Signature has expired.
2024-08-23 08:52:30,496 - ERROR - |auth - verify_token| -> Signature has expired.
2024-08-23 08:55:15,686 - ERROR - |auth - verify_token| -> Signature has expired.
2024-08-23 08:56:10,148 - ERROR - |auth - verify_token| -> Signature has expired.
2024-08-24 10:57:10,426 - ERROR - cannot create tables in mariaDB - (pymysql.err.OperationalError) (2003, "Can't connect to MySQL server on 'mariadb' ([Errno 111] Connection refused)")
(Background on this error at: https://sqlalche.me/e/20/e3q8)
2024-08-24 10:59:20,282 - ERROR - |authAdmin -> authenticate_admin| - (pymysql.err.ProgrammingError) (1146, "Table 'edexme_db.admin' doesn't exist")
[SQL: SELECT admin.admin_id AS admin_admin_id, admin.admin_name AS admin_admin_name, admin.admin_email AS admin_admin_email, admin.password AS admin_password 
FROM admin 
WHERE admin.admin_name = %(admin_name_1)s 
 LIMIT %(param_1)s]
[parameters: {'admin_name_1': 'thush', 'param_1': 1}]
(Background on this error at: https://sqlalche.me/e/20/f405)
2024-08-24 11:01:22,333 - ERROR - |authAdmin - verify_admin_reset_pwd| -> (pymysql.err.ProgrammingError) (1146, "Table 'edexme_db.admin' doesn't exist")
[SQL: SELECT admin.admin_id AS admin_admin_id, admin.admin_name AS admin_admin_name, admin.admin_email AS admin_admin_email, admin.password AS admin_password 
FROM admin 
WHERE admin.admin_name = %(admin_name_1)s AND admin.admin_email = %(admin_email_1)s 
 LIMIT %(param_1)s]
[parameters: {'admin_name_1': 'thush', 'admin_email_1': 'thushanmadhusanka3@gmail.com', 'param_1': 1}]
(Background on this error at: https://sqlalche.me/e/20/f405)
2024-08-24 11:11:43,224 - ERROR - cannot create tables in mariaDB - (pymysql.err.OperationalError) (2003, "Can't connect to MySQL server on 'mariadb' ([Errno 111] Connection refused)")
(Background on this error at: https://sqlalche.me/e/20/e3q8)
/docker-entrypoint-initdb.d
2024-08-24 11:17:15,433 - ERROR - |authAdmin -> authenticate_admin| - (pymysql.err.ProgrammingError) (1146, "Table 'edexme_db.admin' doesn't exist")
[SQL: SELECT admin.admin_id AS admin_admin_id, admin.admin_name AS admin_admin_name, admin.admin_email AS admin_admin_email, admin.password AS admin_password 
FROM admin 
WHERE admin.admin_name = %(admin_name_1)s 
 LIMIT %(param_1)s]
[parameters: {'admin_name_1': 'thush', 'param_1': 1}]
(Background on this error at: https://sqlalche.me/e/20/f405)
2024-08-24 11:53:04,553 - ERROR - |authAdmin -> authenticate_admin| - 'NoneType' object has no attribute 'password'
2024-08-24 12:08:02,290 - ERROR - |auth - verify_token| -> Signature has expired.
2024-08-24 12:09:33,019 - ERROR - cannot create tables in mariaDB - (pymysql.err.OperationalError) (2003, "Can't connect to MySQL server on 'mariadb' ([Errno 111] Connection refused)")
(Background on this error at: https://sqlalche.me/e/20/e3q8)
2024-08-24 12:11:11,126 - ERROR - cannot create tables in mariaDB - (pymysql.err.OperationalError) (2003, "Can't connect to MySQL server on 'mariadb' ([Errno 111] Connection refused)")
(Background on this error at: https://sqlalche.me/e/20/e3q8)
2024-08-24 12:14:31,469 - ERROR - |auth - verify_token| -> Signature has expired.
2024-08-24 12:14:57,627 - ERROR - | Mails - mail | - Email Send Failed - (535, b'5.7.8 Username and Password not accepted. For more information, go to\n5.7.8  https://support.google.com/mail/?p=BadCredentials d2e1a72fcca58-7143422ed96sm4439533b3a.33 - gsmtp')
2024-08-24 12:14:57,627 - ERROR - /admin/forgetPassword SMTP server error
2024-08-24 12:14:57,838 - ERROR - |auth - verify_token| -> Signature has expired.
2024-08-24 12:14:57,862 - ERROR - |auth - verify_token| -> Signature has expired.
2024-08-24 12:14:57,924 - ERROR - |auth - verify_token| -> Signature has expired.
2024-08-24 12:14:57,992 - ERROR - |auth - verify_token| -> Signature has expired.
2024-08-24 12:14:58,054 - ERROR - |auth - verify_token| -> Signature has expired.
2024-08-24 12:14:58,110 - ERROR - |auth - verify_token| -> Signature has expired.
2024-08-24 12:14:58,165 - ERROR - |auth - verify_token| -> Signature has expired.
2024-08-24 12:14:58,222 - ERROR - |auth - verify_token| -> Signature has expired.
2024-08-24 12:14:58,276 - ERROR - |auth - verify_token| -> Signature has expired.
2024-08-24 12:14:58,335 - ERROR - |auth - verify_token| -> Signature has expired.
2024-08-24 12:14:58,390 - ERROR - |auth - verify_token| -> Signature has expired.
2024-08-24 12:14:58,449 - ERROR - |auth - verify_token| -> Signature has expired.
2024-08-24 12:14:58,504 - ERROR - |auth - verify_token| -> Signature has expired.
2024-08-24 12:14:58,561 - ERROR - |auth - verify_token| -> Signature has expired.
2024-08-24 12:14:58,620 - ERROR - |auth - verify_token| -> Signature has expired.
2024-08-24 12:14:58,678 - ERROR - |auth - verify_token| -> Signature has expired.
2024-08-24 12:14:58,732 - ERROR - |auth - verify_token| -> Signature has expired.
2024-08-24 12:16:05,843 - ERROR - | Mails - mail | - Email Send Failed - (535, b'5.7.8 Username and Password not accepted. For more information, go to\n5.7.8  https://support.google.com/mail/?p=BadCredentials d9443c01a7336-20385564da6sm41529555ad.52 - gsmtp')
2024-08-24 12:16:05,843 - ERROR - /admin/forgetPassword SMTP server error
2024-08-24 12:17:57,147 - ERROR - cannot create tables in mariaDB - (pymysql.err.OperationalError) (2003, "Can't connect to MySQL server on 'mariadb' ([Errno 111] Connection refused)")
(Background on this error at: https://sqlalche.me/e/20/e3q8)
2024-08-24 12:18:11,816 - ERROR - | Mails - mail | - Email Send Failed - (535, b'5.7.8 Username and Password not accepted. For more information, go to\n5.7.8  https://support.google.com/mail/?p=BadCredentials d9443c01a7336-203855dd99esm41765765ad.126 - gsmtp')
2024-08-24 12:18:11,816 - ERROR - /admin/forgetPassword SMTP server error
2024-08-24 12:23:11,675 - ERROR - | Mails - mail | - Email Send Failed - (535, b'5.7.8 Username and Password not accepted. For more information, go to\n5.7.8  https://support.google.com/mail/?p=BadCredentials d9443c01a7336-203855dded9sm42050555ad.161 - gsmtp')
2024-08-24 12:23:11,675 - ERROR - /admin/forgetPassword SMTP server error
2024-08-24 12:23:49,974 - ERROR - cannot create tables in mariaDB - (pymysql.err.OperationalError) (2003, "Can't connect to MySQL server on 'mariadb' ([Errno 111] Connection refused)")
(Background on this error at: https://sqlalche.me/e/20/e3q8)
2024-08-24 12:23:56,889 - ERROR - | Mails - mail | - Email Send Failed - (535, b'5.7.8 Username and Password not accepted. For more information, go to\n5.7.8  https://support.google.com/mail/?p=BadCredentials d2e1a72fcca58-7143424a53bsm4423545b3a.59 - gsmtp')
2024-08-24 12:23:56,889 - ERROR - /admin/forgetPassword SMTP server error
2024-08-24 12:24:29,539 - ERROR - | Mails - mail | - Email Send Failed - (535, b'5.7.8 Username and Password not accepted. For more information, go to\n5.7.8  https://support.google.com/mail/?p=BadCredentials d9443c01a7336-2038557f04asm41966685ad.85 - gsmtp')
2024-08-24 12:24:29,539 - ERROR - /admin/forgetPassword SMTP server error
2024-08-24 12:24:44,639 - ERROR - cannot create tables in mariaDB - (pymysql.err.OperationalError) (2003, "Can't connect to MySQL server on 'mariadb' ([Errno 111] Connection refused)")
(Background on this error at: https://sqlalche.me/e/20/e3q8)
2024-09-09 18:37:00,818 - ERROR - redis connection -> Error -2 connecting to redis:6379. Name or service not known.
2024-09-09 18:37:01,442 - ERROR - cannot create tables in mariaDB - (pymysql.err.OperationalError) (2003, "Can't connect to MySQL server on 'mariadb' ([Errno -2] Name or service not known)")
(Background on this error at: https://sqlalche.me/e/20/e3q8)
2024-09-09 18:38:05,775 - ERROR - redis connection -> Error -2 connecting to redis:6379. Name or service not known.
2024-09-09 18:38:05,896 - ERROR - cannot create tables in mariaDB - (pymysql.err.OperationalError) (2003, "Can't connect to MySQL server on 'mariadb' ([Errno -2] Name or service not known)")
(Background on this error at: https://sqlalche.me/e/20/e3q8)
2024-09-14 17:08:14,083 - ERROR - redis connection -> Error -2 connecting to redis:6379. Name or service not known.
2024-09-14 17:08:14,327 - ERROR - cannot create tables in mariaDB - (pymysql.err.OperationalError) (2003, "Can't connect to MySQL server on 'mariadb' ([Errno -2] Name or service not known)")
(Background on this error at: https://sqlalche.me/e/20/e3q8)
2024-09-14 17:11:23,310 - ERROR - cannot create tables in mariaDB - (pymysql.err.OperationalError) (2003, "Can't connect to MySQL server on 'mariadb' ([Errno -2] Name or service not known)")
(Background on this error at: https://sqlalche.me/e/20/e3q8)
2024-09-14 17:24:08,500 - ERROR - cannot create tables in mariaDB - (pymysql.err.OperationalError) (2003, "Can't connect to MySQL server on 'mariadb' ([Errno -2] Name or service not known)")
(Background on this error at: https://sqlalche.me/e/20/e3q8)
2024-09-14 17:24:23,233 - ERROR - cannot create tables in mariaDB - (pymysql.err.OperationalError) (2003, "Can't connect to MySQL server on 'mariadb' ([Errno -2] Name or service not known)")
(Background on this error at: https://sqlalche.me/e/20/e3q8)
2024-09-14 17:26:17,402 - ERROR - cannot create tables in mariaDB - (pymysql.err.OperationalError) (2003, "Can't connect to MySQL server on 'mariadb' ([Errno -2] Name or service not known)")
(Background on this error at: https://sqlalche.me/e/20/e3q8)
2024-09-14 17:30:04,065 - ERROR - cannot create tables in mariaDB - (pymysql.err.OperationalError) (2003, "Can't connect to MySQL server on 'mariadb' ([Errno -2] Name or service not known)")
(Background on this error at: https://sqlalche.me/e/20/e3q8)
2024-09-14 17:37:36,320 - ERROR - cannot create tables in mariaDB - (pymysql.err.OperationalError) (2003, "Can't connect to MySQL server on 'mariadb' ([Errno -2] Name or service not known)")
(Background on this error at: https://sqlalche.me/e/20/e3q8)
2024-09-14 17:37:57,471 - ERROR - cannot create tables in mariaDB - (pymysql.err.OperationalError) (2003, "Can't connect to MySQL server on 'mariadb' ([Errno -2] Name or service not known)")
(Background on this error at: https://sqlalche.me/e/20/e3q8)
2024-09-16 18:27:01,574 - ERROR - cannot create tables in mariaDB - (pymysql.err.OperationalError) (2003, "Can't connect to MySQL server on 'mariadb' ([Errno -2] Name or service not known)")
(Background on this error at: https://sqlalche.me/e/20/e3q8)
2024-09-19 10:11:53,317 - ERROR - cannot create tables in mariaDB - (pymysql.err.OperationalError) (2003, "Can't connect to MySQL server on 'mariadb' ([Errno -2] Name or service not known)")
(Background on this error at: https://sqlalche.me/e/20/e3q8)
2024-09-19 10:18:56,527 - ERROR - cannot create tables in mariaDB - (pymysql.err.OperationalError) (2003, "Can't connect to MySQL server on 'mariadb' ([Errno -2] Name or service not known)")
(Background on this error at: https://sqlalche.me/e/20/e3q8)
2024-09-19 10:21:22,221 - ERROR - cannot create tables in mariaDB - (pymysql.err.OperationalError) (2003, "Can't connect to MySQL server on 'mariadb' ([Errno -2] Name or service not known)")
(Background on this error at: https://sqlalche.me/e/20/e3q8)
2024-09-19 10:24:42,154 - ERROR - cannot create tables in mariaDB - (pymysql.err.OperationalError) (2003, "Can't connect to MySQL server on 'mariadb' ([Errno -2] Name or service not known)")
(Background on this error at: https://sqlalche.me/e/20/e3q8)
2024-09-19 10:34:26,809 - ERROR - cannot create tables in mariaDB - (pymysql.err.OperationalError) (2003, "Can't connect to MySQL server on 'mariadb' ([Errno -2] Name or service not known)")
(Background on this error at: https://sqlalche.me/e/20/e3q8)
2024-09-19 10:36:29,348 - ERROR - cannot create tables in mariaDB - (pymysql.err.OperationalError) (2003, "Can't connect to MySQL server on 'mariadb' ([Errno -2] Name or service not known)")
(Background on this error at: https://sqlalche.me/e/20/e3q8)
2024-09-19 13:26:56,373 - ERROR - cannot create tables in mariaDB - (pymysql.err.OperationalError) (2003, "Can't connect to MySQL server on 'mariadb' ([Errno -2] Name or service not known)")
(Background on this error at: https://sqlalche.me/e/20/e3q8)
2024-09-19 13:29:27,526 - ERROR - cannot create tables in mariaDB - (pymysql.err.OperationalError) (2003, "Can't connect to MySQL server on 'mariadb' ([Errno -2] Name or service not known)")
(Background on this error at: https://sqlalche.me/e/20/e3q8)
2024-09-19 13:33:45,973 - ERROR - cannot create tables in mariaDB - (pymysql.err.OperationalError) (2003, "Can't connect to MySQL server on 'mariadb' ([Errno -2] Name or service not known)")
(Background on this error at: https://sqlalche.me/e/20/e3q8)
