2024-08-21 19:11:09,965 - INFO - redis database is connected successfully
2024-08-21 19:11:10,537 - INFO - Database is created
2024-08-21 19:20:49,972 - INFO - |authAdmin -> authenticate_admin| - compare a password [True, False]
2024-08-21 19:20:49,982 - INFO - |authAdmin - authenticate_admin| -> get result from admin db using username
2024-08-21 19:20:49,986 - INFO - |auth - create_access_token| create successfully
2024-08-21 19:20:49,986 - INFO - /admin/adminLogin -> send response  status: success
2024-08-21 19:21:34,319 - INFO - |authAdmin -> authenticate_admin| - compare a password [True, False]
2024-08-21 19:21:34,321 - INFO - |authAdmin - authenticate_admin| -> get result from admin db using username
2024-08-21 19:21:34,321 - INFO - |auth - create_access_token| create successfully
2024-08-21 19:21:34,321 - INFO - /admin/adminLogin -> send response  status: success
2024-08-21 19:25:48,987 - INFO - |auth -> verify_token| - successful Decode JWT
2024-08-21 19:25:48,988 - INFO - |panel_function - get_call_logs| -> file read successfully: Date 2024-08-16
2024-08-21 19:25:48,988 - INFO - /admin/logged/callLogs -> get a data in file
2024-08-21 19:42:07,407 - INFO - redis database is connected successfully
2024-08-21 19:42:07,577 - INFO - Database is created
2024-08-21 20:49:17,721 - INFO - redis database is connected successfully
2024-08-21 20:49:17,841 - INFO - Database is created
2024-08-21 20:55:43,193 - INFO - |authAdmin -> authenticate_admin| - compare a password [True, False]
2024-08-21 20:55:43,194 - INFO - |authAdmin - authenticate_admin| -> get result from admin db using username
2024-08-21 20:55:43,195 - INFO - |auth - create_access_token| create successfully
2024-08-21 20:55:43,195 - INFO - /admin/adminLogin -> send response  status: success
2024-08-21 21:00:16,764 - INFO - |authAdmin - verify_admin_password| -> get result from admin db using username, email
2024-08-21 21:00:16,764 - INFO - /admin/forgetPassword - check valued admin
2024-08-21 21:02:11,929 - INFO - |authAdmin - verify_admin_password| -> get result from admin db using username, email
2024-08-21 21:02:11,929 - INFO - /admin/forgetPassword - check valued admin
2024-08-21 21:04:26,710 - INFO - |Mails - mail| -> email send to thushanmadhusanka3@gmail.com
2024-08-21 21:04:26,711 - INFO - /admin/forgetPassword -> Email Send Success - receiver: thushanmadhusanka3@gmail.com
2024-08-21 21:04:26,720 - INFO - |authAdmin - verify_admin_password| -> get result from admin db using username, email
2024-08-21 21:04:26,720 - INFO - /admin/forgetPassword - check valued admin
2024-08-21 21:06:39,687 - INFO - |Mails - mail| -> email send to thushanmadhusanka3@gmail.com
2024-08-21 21:06:39,688 - INFO - /admin/forgetPassword -> Email Send Success - receiver: thushanmadhusanka3@gmail.com
2024-08-21 21:06:39,699 - INFO - |authAdmin - verify_admin_password| -> get result from admin db using username, email
2024-08-21 21:06:39,699 - INFO - /admin/forgetPassword - check valued admin
2024-08-21 21:08:33,388 - INFO - redis database is connected successfully
2024-08-21 21:08:33,502 - INFO - Database is created
2024-08-21 21:09:06,596 - INFO - |authAdmin - verify_admin_password| -> get result from admin db using username, email
2024-08-21 21:09:06,596 - INFO - /admin/forgetPassword - check valued admin
2024-08-21 21:11:20,048 - INFO - |Mails - mail| -> email send to thushanmadhusanka3@gmail.com
2024-08-21 21:11:20,048 - INFO - /admin/forgetPassword -> Email Send Success - receiver: thushanmadhusanka3@gmail.com
2024-08-21 21:11:20,308 - INFO - |authAdmin - verify_admin_password| -> get result from admin db using username, email
2024-08-21 21:11:20,308 - INFO - /admin/forgetPassword - check valued admin
2024-08-21 21:11:23,902 - INFO - |authAdmin - verify_admin_password| -> get result from admin db using username, email
2024-08-21 21:11:23,902 - INFO - /admin/forgetPassword - check valued admin
2024-08-21 21:11:44,643 - INFO - |authAdmin - verify_admin_password| -> get result from admin db using username, email
2024-08-21 21:11:44,643 - INFO - /admin/forgetPassword - check valued admin
2024-08-21 21:13:57,718 - INFO - |Mails - mail| -> email send to thushanmadhusanka3@gmail.com
2024-08-21 21:13:57,719 - INFO - /admin/forgetPassword -> Email Send Success - receiver: thushanmadhusanka3@gmail.com
2024-08-22 06:09:38,024 - INFO - redis database is connected successfully
2024-08-22 06:09:38,180 - INFO - Database is created
2024-08-22 06:10:51,416 - INFO - |authAdmin -> authenticate_admin| - compare a password [True, False]
2024-08-22 06:10:51,417 - INFO - |authAdmin - authenticate_admin| -> get result from admin db using username
2024-08-22 06:10:51,418 - INFO - |auth - create_access_token| create successfully
2024-08-22 06:10:51,418 - INFO - /admin/adminLogin -> send response  status: success
2024-08-22 06:11:22,648 - INFO - |authAdmin - verify_admin_password| -> get result from admin db using username, email
2024-08-22 06:11:22,648 - INFO - /admin/forgetPassword - check valued admin
2024-08-22 06:13:37,289 - INFO - |Mails - mail| -> email send to thushanmadhusanka3@gmail.com
2024-08-22 06:13:37,290 - INFO - /admin/forgetPassword -> Email Send Success - receiver: thushanmadhusanka3@gmail.com
2024-08-22 06:40:07,378 - INFO - redis database is connected successfully
2024-08-22 06:40:07,496 - INFO - Database is created
2024-08-22 06:40:19,034 - INFO - |authAdmin - verify_admin_password| -> get result from admin db using username, email
2024-08-22 06:40:19,034 - INFO - /admin/forgetPassword - check valued admin
2024-08-22 06:56:30,712 - INFO - redis database is connected successfully
2024-08-22 06:56:30,832 - INFO - Database is created
2024-08-22 06:56:38,751 - INFO - |authAdmin - verify_admin_password| -> get result from admin db using username, email
2024-08-22 06:56:38,751 - INFO - /admin/forgetPassword - check valued admin
2024-08-22 07:06:46,146 - INFO - |authAdmin - verify_admin_password| -> get result from admin db using username, email
2024-08-22 07:06:46,147 - INFO - /admin/forgetPassword - check valued admin
2024-08-22 07:18:07,455 - INFO - redis database is connected successfully
2024-08-22 07:18:07,573 - INFO - Database is created
2024-08-22 07:19:12,817 - INFO - redis database is connected successfully
2024-08-22 07:19:12,933 - INFO - Database is created
2024-08-22 07:20:05,288 - INFO - |authAdmin - verify_admin_password| -> get result from admin db using username, email
2024-08-22 07:20:05,289 - INFO - /admin/forgetPassword - check valued admin
2024-08-22 07:40:38,653 - INFO - redis database is connected successfully
2024-08-22 07:40:38,771 - INFO - Database is created
2024-08-22 07:41:22,265 - INFO - |authAdmin - verify_admin_password| -> get result from admin db using username, email
2024-08-22 07:41:22,265 - INFO - /admin/forgetPassword - check valued admin
2024-08-22 07:43:35,581 - INFO - |Mails - mail| -> email send to thushanmadhusanka3@gmail.com
2024-08-22 07:43:35,582 - INFO - /admin/forgetPassword -> Email Send Success - receiver: thushanmadhusanka3@gmail.com
2024-08-22 07:52:27,824 - INFO - redis database is connected successfully
2024-08-22 07:52:27,962 - INFO - Database is created
2024-08-22 07:52:41,602 - INFO - |authAdmin - verify_admin_password| -> get result from admin db using username, email
2024-08-22 07:52:41,602 - INFO - /admin/forgetPassword - check valued admin
2024-08-22 07:54:55,486 - INFO - |Mails - mail| -> email send to thushanmadhusanka3@gmail.com
2024-08-22 07:54:55,487 - INFO - /admin/forgetPassword -> Email Send Success - receiver: thushanmadhusanka3@gmail.com
2024-08-22 07:56:13,129 - INFO - |authAdmin - authenticate_admin| -> get result from admin db using username
2024-08-22 07:56:13,129 - INFO - |auth - create_access_token| create successfully
2024-08-22 07:56:13,130 - INFO - /admin/otp -> OTP is equal | temp_token send to the user
2024-08-22 08:05:55,027 - INFO - /admin/changePassword -> OTP is equal | verify the token
2024-08-22 08:05:55,027 - WARNING - /admin/logged/student/addStudent -> unauthorized access
2024-08-22 08:06:40,255 - INFO - |auth -> verify_token| - successful Decode JWT
2024-08-22 08:06:40,255 - INFO - /admin/changePassword -> OTP is equal | verify the token
2024-08-22 08:06:40,259 - INFO - |authAdmin - admin_password_change| -> thush update password 
2024-08-22 08:06:40,260 - INFO - /admin/changePassword -> update to the admin password
2024-08-22 08:18:16,287 - INFO - |authAdmin -> authenticate_admin| - compare a password [True, False]
2024-08-22 08:18:16,288 - INFO - |authAdmin - authenticate_admin| -> get result from admin db using username
2024-08-22 08:18:16,288 - INFO - |auth - create_access_token| create successfully
2024-08-22 08:18:16,289 - INFO - /admin/adminLogin -> send response  status: success
2024-08-22 08:18:44,516 - INFO - |auth -> verify_token| - successful Decode JWT
2024-08-22 08:18:44,524 - INFO - |functionAdmin - create_new_admin| -> create a new admin successfully
2024-08-22 08:18:44,524 - INFO - /admin/addAdmin -> create new admin kamal
2024-08-22 08:20:32,874 - INFO - |auth -> verify_token| - successful Decode JWT
2024-08-22 08:20:32,874 - INFO - /admin/verifyToken -> get dataset verified token
2024-08-22 08:24:31,013 - INFO - |auth -> verify_token| - successful Decode JWT
2024-08-22 08:24:31,019 - INFO - |panel_function - add_topics| -> data add successfully hello
2024-08-22 08:24:31,019 - INFO - /admin/logged/addTopics -> data_set insert successfully
2024-08-22 08:24:31,028 - INFO - |panel_function - add_topics| -> data add successfully hii
2024-08-22 08:24:31,028 - INFO - /admin/logged/addTopics -> data_set insert successfully
2024-08-22 08:24:31,033 - INFO - |panel_function - add_topics| -> data add successfully hey
2024-08-22 08:24:31,033 - INFO - /admin/logged/addTopics -> data_set insert successfully
2024-08-22 08:26:08,666 - INFO - |auth -> verify_token| - successful Decode JWT
2024-08-22 08:26:08,668 - INFO - |panel_function - get_topic_data| -> data retrieve success
2024-08-22 08:26:08,668 - INFO - /admin/logged/addTopics -> data_list is send thush
2024-08-22 08:28:10,353 - INFO - |auth -> verify_token| - successful Decode JWT
2024-08-22 08:28:10,353 - INFO - /admin/verifyToken -> get dataset verified token
2024-08-22 08:29:40,129 - INFO - |auth -> verify_token| - successful Decode JWT
2024-08-22 08:29:40,134 - INFO - |panel_function - update_topic_data| -> data update success
2024-08-22 08:29:40,134 - INFO - /admin/logged/updateTopic -> thush is updated by thush
2024-08-22 08:31:30,966 - INFO - |auth -> verify_token| - successful Decode JWT
2024-08-22 08:31:30,971 - INFO - |panel_function - delete_topic_data| -> data is deleted
2024-08-22 08:31:30,972 - INFO - /admin/logged/deleteTopic ->  is deleted 
2024-08-22 08:33:26,923 - INFO - |auth -> verify_token| - successful Decode JWT
2024-08-22 08:33:26,924 - INFO - |panel_function - get_call_logs| -> file read successfully: Date 2024-08-16
2024-08-22 08:33:26,924 - INFO - /admin/logged/callLogs -> get a data in file
2024-08-22 08:39:18,304 - INFO - |auth -> verify_token| - successful Decode JWT
2024-08-22 08:39:18,313 - INFO - |student_function - add_student| -> student added successfully
2024-08-22 08:41:31,129 - INFO - |Mails - mail| -> email send to thushanmadusanka456@yahoo.com
2024-08-22 08:41:31,130 - INFO - /admin/logged/student/addStudent -> email send and student data add successfully
2024-08-22 09:03:18,332 - INFO - |auth -> verify_token| - successful Decode JWT
2024-08-22 09:03:18,355 - INFO - |student_function - update_student| -> student update successfully
2024-08-22 09:03:18,355 - INFO - /admin/logged/student/updateStudent -> update successfully
2024-08-22 09:06:29,187 - INFO - |auth -> verify_token| - successful Decode JWT
2024-08-22 09:06:29,192 - INFO - |student_function - block_student| -> successfully blocked student
2024-08-22 09:06:29,192 - INFO - /admin/logged/student/blockStudent -> successfully blocked
2024-08-22 09:06:55,405 - INFO - |auth -> verify_token| - successful Decode JWT
2024-08-22 09:06:55,407 - INFO - |student_function - block_student| -> successfully blocked student
2024-08-22 09:06:55,407 - INFO - /admin/logged/student/blockStudent -> successfully blocked
2024-08-22 09:09:20,509 - INFO - |auth -> verify_token| - successful Decode JWT
2024-08-22 09:09:20,513 - INFO - |student_function - delete_student| -> delete successfully
2024-08-22 09:09:20,514 - INFO - /admin/logged/student/deleteStudent -> delete student
2024-08-22 09:11:25,295 - INFO - |auth -> verify_token| - successful Decode JWT
2024-08-22 09:11:25,297 - INFO - |student_function - get_student_detail| -> get student detail query successfully execute
2024-08-22 09:11:25,297 - INFO - /admin/logged/student/getAllStudent -> get all student details
2024-08-22 09:13:38,053 - INFO - |auth -> verify_token| - successful Decode JWT
2024-08-22 09:13:38,053 - INFO - |student_function - search_student| -> search value is not int or another error/ go to string search
2024-08-22 09:13:38,053 - INFO - |student_function - search_student| -> search without email
2024-08-22 09:13:38,059 - INFO - |student_function - search_student| -> search by string trainer_id/ user_name/ f_name/ l_name
2024-08-22 09:13:38,059 - INFO - /admin/logged/student/searchStudent -> get search result in students
2024-08-22 09:15:55,359 - INFO - |auth -> verify_token| - successful Decode JWT
2024-08-22 09:15:55,361 - INFO - |student_function - get_requested_student| -> get data from requested student detail
2024-08-22 09:15:55,362 - INFO - /admin/logged/student/request/requestedStudent -> retrieve requested student detail
2024-08-22 09:18:32,726 - INFO - |auth -> verify_token| - successful Decode JWT
2024-08-22 09:18:32,730 - INFO - |student_function - approve_student| -> approve the student/ update database successfully
2024-08-22 09:18:32,732 - INFO - /admin/logged/student/approveStudent -> account approved
2024-08-22 09:18:32,733 - INFO - |student_function - get_student_data| -> retrieve successfully
2024-08-22 09:20:46,416 - INFO - |Mails - mail| -> email send to thushanmadhusanka3@gmail.com
2024-08-22 09:23:17,525 - INFO - |auth -> verify_token| - successful Decode JWT
2024-08-22 09:23:17,529 - INFO - |student_function - reject_student_request| -> delete successfully
2024-08-22 09:23:17,529 - INFO - /admin/logged/student/request/rejectStudent -> student is rejected
2024-08-23 08:39:49,676 - INFO - redis database is connected successfully
2024-08-23 08:39:49,846 - INFO - Database is created
2024-08-23 08:39:55,184 - INFO - |authAdmin -> authenticate_admin| - compare a password [True, False]
2024-08-23 08:39:55,185 - INFO - |authAdmin - authenticate_admin| -> get result from admin db using username
2024-08-23 08:39:55,185 - INFO - |auth - create_access_token| create successfully
2024-08-23 08:39:55,185 - INFO - /admin/adminLogin -> send response  status: success
2024-08-23 08:44:01,966 - INFO - |authAdmin - verify_admin_password| -> get result from admin db using username, email
2024-08-23 08:44:01,966 - INFO - /admin/forgetPassword - check valued admin
2024-08-23 08:44:04,950 - INFO - |Mails - mail| -> email send to thushanmadhusanka3@gmail.com
2024-08-23 08:44:04,951 - INFO - /admin/forgetPassword -> Email Send Success - receiver: thushanmadhusanka3@gmail.com
2024-08-23 08:44:55,144 - INFO - |authAdmin - authenticate_admin| -> get result from admin db using username
2024-08-23 08:44:55,144 - INFO - |auth - create_access_token| create successfully
2024-08-23 08:44:55,145 - INFO - /admin/otp -> OTP is equal | temp_token send to the user
2024-08-23 08:45:50,907 - INFO - |auth -> verify_token| - successful Decode JWT
2024-08-23 08:45:50,907 - INFO - /admin/changePassword -> OTP is equal | verify the token
2024-08-23 08:45:50,909 - INFO - |authAdmin - admin_password_change| -> thush update password 
2024-08-23 08:45:50,909 - INFO - /admin/changePassword -> update to the admin password
2024-08-23 08:47:21,013 - INFO - |auth -> verify_token| - successful Decode JWT
2024-08-23 08:47:21,013 - INFO - /admin/verifyToken -> get dataset verified token
2024-08-23 08:47:56,957 - WARNING - /admin/logged/addTopics -> unauthorized access
2024-08-23 08:48:22,463 - INFO - |auth -> verify_token| - successful Decode JWT
2024-08-23 08:48:22,473 - INFO - |panel_function - add_topics| -> data add successfully hello
2024-08-23 08:48:22,473 - INFO - /admin/logged/addTopics -> data_set insert successfully
2024-08-23 08:48:22,483 - INFO - |panel_function - add_topics| -> data add successfully hii
2024-08-23 08:48:22,484 - INFO - /admin/logged/addTopics -> data_set insert successfully
2024-08-23 08:48:22,495 - INFO - |panel_function - add_topics| -> data add successfully hey
2024-08-23 08:48:22,496 - INFO - /admin/logged/addTopics -> data_set insert successfully
2024-08-23 08:48:55,866 - INFO - |auth -> verify_token| - successful Decode JWT
2024-08-23 08:48:55,867 - INFO - |panel_function - get_topic_data| -> data retrieve success
2024-08-23 08:48:55,868 - INFO - /admin/logged/addTopics -> data_list is send thush
2024-08-23 08:49:50,018 - INFO - |auth -> verify_token| - successful Decode JWT
2024-08-23 08:49:50,023 - INFO - |panel_function - update_topic_data| -> data update success
2024-08-23 08:49:50,023 - INFO - /admin/logged/updateTopic -> thush is updated by thush
2024-08-23 08:50:19,608 - INFO - |auth -> verify_token| - successful Decode JWT
2024-08-23 08:50:19,613 - INFO - |panel_function - delete_topic_data| -> data is deleted
2024-08-23 08:50:19,614 - INFO - /admin/logged/deleteTopic ->  is deleted 
2024-08-23 08:51:02,335 - WARNING - /admin/logged/callLogs -> unauthorized access
2024-08-23 08:51:18,877 - INFO - |auth -> verify_token| - successful Decode JWT
2024-08-23 08:51:18,877 - INFO - |panel_function - get_call_logs| -> file read successfully: Date 2024-08-16
2024-08-23 08:51:18,877 - INFO - /admin/logged/callLogs -> get a data in file
2024-08-23 08:52:30,496 - WARNING - /admin/logged/student/addStudent -> unauthorized access
2024-08-23 08:52:40,083 - INFO - |auth -> verify_token| - successful Decode JWT
2024-08-23 08:52:40,095 - INFO - |student_function - add_student| -> student added successfully
2024-08-23 08:52:42,882 - INFO - |Mails - mail| -> email send to thushanmadhusanka3@gmail.com
2024-08-23 08:52:42,883 - INFO - /admin/logged/student/addStudent -> email send and student data add successfully
2024-08-23 08:54:30,899 - INFO - |auth -> verify_token| - successful Decode JWT
2024-08-23 08:54:30,910 - INFO - |student_function - update_student| -> student update successfully
2024-08-23 08:54:30,910 - INFO - /admin/logged/student/updateStudent -> update successfully
2024-08-23 08:55:15,686 - WARNING - /admin/logged/student/updateStudent -> unauthorized access
2024-08-23 08:55:25,845 - INFO - |auth -> verify_token| - successful Decode JWT
2024-08-23 08:55:25,902 - INFO - |student_function - block_student| -> successfully blocked student
2024-08-23 08:55:25,902 - INFO - /admin/logged/student/blockStudent -> successfully blocked
2024-08-23 08:56:10,148 - WARNING - /admin/logged/student/updateStudent -> unauthorized access
2024-08-23 08:56:39,345 - INFO - |auth -> verify_token| - successful Decode JWT
2024-08-23 08:56:39,395 - INFO - |student_function - delete_student| -> delete successfully
2024-08-23 08:56:39,395 - INFO - /admin/logged/student/deleteStudent -> delete student
2024-08-23 09:02:36,557 - INFO - |auth -> verify_token| - successful Decode JWT
2024-08-23 09:02:36,559 - INFO - |student_function - get_student_detail| -> get student detail query successfully execute
2024-08-23 09:02:36,559 - INFO - /admin/logged/student/getAllStudent -> get all student details
2024-08-23 09:04:44,103 - INFO - |auth -> verify_token| - successful Decode JWT
2024-08-23 09:04:44,103 - INFO - |student_function - search_student| -> search value is not int or another error/ go to string search
2024-08-23 09:04:44,104 - INFO - |student_function - search_student| -> search without email
2024-08-23 09:04:44,109 - INFO - |student_function - search_student| -> search by string trainer_id/ user_name/ f_name/ l_name
2024-08-23 09:04:44,109 - INFO - /admin/logged/student/searchStudent -> get search result in students
2024-08-23 09:05:30,462 - INFO - |auth -> verify_token| - successful Decode JWT
2024-08-23 09:05:30,464 - INFO - |student_function - get_requested_student| -> get data from requested student detail
2024-08-23 09:05:30,465 - INFO - /admin/logged/student/request/requestedStudent -> retrieve requested student detail
2024-08-23 09:05:58,400 - INFO - |auth -> verify_token| - successful Decode JWT
2024-08-23 09:05:58,414 - INFO - |student_function - approve_student| -> approve the student/ update database successfully
2024-08-23 09:05:58,414 - INFO - /admin/logged/student/approveStudent -> account approved
2024-08-23 09:05:58,416 - INFO - |student_function - get_student_data| -> retrieve successfully
2024-08-23 09:06:01,251 - INFO - |Mails - mail| -> email send to rg@gmail.com
2024-08-23 09:06:55,730 - INFO - |auth -> verify_token| - successful Decode JWT
2024-08-23 09:06:55,735 - INFO - |student_function - reject_student_request| -> delete successfully
2024-08-23 09:06:55,735 - INFO - /admin/logged/student/request/rejectStudent -> student is rejected
2024-08-24 10:57:10,278 - INFO - redis database is connected successfully
2024-08-24 10:59:20,283 - INFO - /admin/adminLogin - send response -> status: False (username|password incorrect)
2024-08-24 11:01:22,333 - INFO - /admin/forgetPassword - check valued admin
2024-08-24 11:11:43,082 - INFO - redis database is connected successfully
2024-08-24 11:13:39,254 - INFO - /admin/adminLogin - send response -> status: False (username|password incorrect)
2024-08-24 11:17:15,434 - INFO - /admin/adminLogin - send response -> status: False (username|password incorrect)
2024-08-24 11:50:18,140 - INFO - redis database is connected successfully
2024-08-24 11:50:18,911 - INFO - Database is created
2024-08-24 11:53:04,553 - INFO - /admin/adminLogin - send response -> status: False (username|password incorrect)
2024-08-24 12:06:56,829 - INFO - |authAdmin -> authenticate_admin| - compare a password [True, False]
2024-08-24 12:06:56,830 - INFO - |authAdmin - authenticate_admin| -> get result from admin db using username
2024-08-24 12:06:56,830 - INFO - |auth - create_access_token| create successfully
2024-08-24 12:06:56,830 - INFO - /admin/adminLogin -> send response  status: success
2024-08-24 12:08:02,290 - WARNING - /admin/addAdmin ->unauthorized access
2024-08-24 12:08:13,920 - INFO - |authAdmin -> authenticate_admin| - compare a password [True, False]
2024-08-24 12:08:13,922 - INFO - |authAdmin - authenticate_admin| -> get result from admin db using username
2024-08-24 12:08:13,922 - INFO - |auth - create_access_token| create successfully
2024-08-24 12:08:13,922 - INFO - /admin/adminLogin -> send response  status: success
2024-08-24 12:08:34,677 - INFO - |auth -> verify_token| - successful Decode JWT
2024-08-24 12:08:34,693 - INFO - |functionAdmin - create_new_admin| -> create a new admin successfully
2024-08-24 12:08:34,693 - INFO - /admin/addAdmin -> create new admin kamal
2024-08-24 12:09:32,895 - INFO - redis database is connected successfully
2024-08-24 12:09:45,848 - INFO - |authAdmin -> authenticate_admin| - compare a password [True, False]
2024-08-24 12:09:45,850 - INFO - |authAdmin - authenticate_admin| -> get result from admin db using username
2024-08-24 12:09:45,850 - INFO - |auth - create_access_token| create successfully
2024-08-24 12:09:45,850 - INFO - /admin/adminLogin -> send response  status: success
2024-08-24 12:11:11,006 - INFO - redis database is connected successfully
2024-08-24 12:14:31,469 - INFO - /admin/verifyToken -> get dataset verified token
2024-08-24 12:14:31,469 - WARNING - /admin/logged/student/addStudent -> unauthorized access
2024-08-24 12:14:54,785 - INFO - |authAdmin -> authenticate_admin| - compare a password [True, False]
2024-08-24 12:14:54,787 - INFO - |authAdmin - authenticate_admin| -> get result from admin db using username
2024-08-24 12:14:54,787 - INFO - |auth - create_access_token| create successfully
2024-08-24 12:14:54,787 - INFO - /admin/adminLogin -> send response  status: success
2024-08-24 12:14:54,809 - INFO - |authAdmin - verify_admin_password| -> get result from admin db using username, email
2024-08-24 12:14:54,809 - INFO - /admin/forgetPassword - check valued admin
2024-08-24 12:14:57,686 - INFO - /admin/otp -> OTP not equal 
2024-08-24 12:14:57,839 - INFO - /admin/changePassword -> OTP is equal | verify the token
2024-08-24 12:14:57,841 - WARNING - /admin/logged/student/addStudent -> unauthorized access
2024-08-24 12:14:57,862 - WARNING - /admin/addAdmin ->unauthorized access
2024-08-24 12:14:57,924 - INFO - /admin/verifyToken -> get dataset verified token
2024-08-24 12:14:57,924 - WARNING - /admin/logged/student/addStudent -> unauthorized access
2024-08-24 12:14:57,992 - WARNING - /admin/logged/addTopics -> unauthorized access
2024-08-24 12:14:58,054 - WARNING - /admin/logged/todayTopics -> unauthorized access
2024-08-24 12:14:58,110 - WARNING - /admin/logged/updateTopic -> unauthorized access
2024-08-24 12:14:58,166 - WARNING - /admin/logged/deleteTopic -> unauthorized access
2024-08-24 12:14:58,222 - WARNING - /admin/logged/callLogs -> unauthorized access
2024-08-24 12:14:58,276 - WARNING - /admin/logged/student/addStudent -> unauthorized access
2024-08-24 12:14:58,335 - WARNING - /admin/logged/student/updateStudent -> unauthorized access
2024-08-24 12:14:58,390 - WARNING - /admin/logged/student/updateStudent -> unauthorized access
2024-08-24 12:14:58,449 - WARNING - /admin/logged/student/updateStudent -> unauthorized access
2024-08-24 12:14:58,504 - WARNING - /admin/logged/student/getAllStudent -> unauthorized access
2024-08-24 12:14:58,561 - WARNING - /admin/logged/student/getAllStudent -> unauthorized access
2024-08-24 12:14:58,620 - WARNING - /admin/logged/student/getAllStudent -> unauthorized access
2024-08-24 12:14:58,678 - WARNING - /admin/logged/student/request/approveStudent -> unauthorized access
2024-08-24 12:14:58,732 - WARNING - /admin/logged/student/request/rejectStudent -> unauthorized access
2024-08-24 12:16:03,112 - INFO - |authAdmin - verify_admin_password| -> get result from admin db using username, email
2024-08-24 12:16:03,112 - INFO - /admin/forgetPassword - check valued admin
2024-08-24 12:17:56,967 - INFO - redis database is connected successfully
2024-08-24 12:18:09,340 - INFO - |authAdmin - verify_admin_password| -> get result from admin db using username, email
2024-08-24 12:18:09,340 - INFO - /admin/forgetPassword - check valued admin
2024-08-24 12:23:09,082 - INFO - |authAdmin - verify_admin_password| -> get result from admin db using username, email
2024-08-24 12:23:09,096 - INFO - /admin/forgetPassword - check valued admin
2024-08-24 12:23:49,832 - INFO - redis database is connected successfully
2024-08-24 12:23:54,423 - INFO - |authAdmin - verify_admin_password| -> get result from admin db using username, email
2024-08-24 12:23:54,424 - INFO - /admin/forgetPassword - check valued admin
2024-08-24 12:24:27,126 - INFO - |authAdmin - verify_admin_password| -> get result from admin db using username, email
2024-08-24 12:24:27,126 - INFO - /admin/forgetPassword - check valued admin
2024-08-24 12:24:44,493 - INFO - redis database is connected successfully
2024-08-24 12:24:50,791 - INFO - |authAdmin - verify_admin_password| -> get result from admin db using username, email
2024-08-24 12:24:50,791 - INFO - /admin/forgetPassword - check valued admin
2024-08-24 12:24:54,557 - INFO - |Mails - mail| -> email send to thushanmadhusanka3@gmail.com
2024-08-24 12:24:54,557 - INFO - /admin/forgetPassword -> Email Send Success - receiver: thushanmadhusanka3@gmail.com
2024-09-14 17:11:23,190 - INFO - redis database is connected successfully
2024-09-14 17:24:08,380 - INFO - redis database is connected successfully
2024-09-14 17:24:23,116 - INFO - redis database is connected successfully
2024-09-14 17:26:17,287 - INFO - redis database is connected successfully
2024-09-14 17:30:03,853 - INFO - redis database is connected successfully
2024-09-14 17:37:36,209 - INFO - redis database is connected successfully
2024-09-14 17:37:57,356 - INFO - redis database is connected successfully
2024-09-16 18:27:01,208 - INFO - redis database is connected successfully
2024-09-19 10:11:53,058 - INFO - redis database is connected successfully
2024-09-19 10:18:56,393 - INFO - redis database is connected successfully
2024-09-19 10:21:22,097 - INFO - redis database is connected successfully
2024-09-19 10:24:42,027 - INFO - redis database is connected successfully
2024-09-19 10:34:26,674 - INFO - redis database is connected successfully
2024-09-19 10:36:29,220 - INFO - redis database is connected successfully
2024-09-19 13:26:55,954 - INFO - redis database is connected successfully
2024-09-19 13:29:27,389 - INFO - redis database is connected successfully
2024-09-19 13:33:45,846 - INFO - redis database is connected successfully
2024-09-19 15:53:40,966 - INFO - redis database is connected successfully
2024-09-19 21:03:40,796 - INFO - redis database is connected successfully
2024-09-19 21:04:21,198 - INFO - /user/registerStudent -> insert data successfully
2024-09-19 21:06:07,787 - INFO - /user/registerStudent -> insert data successfully
2024-09-19 21:08:16,628 - INFO - /user/registerStudent -> insert data successfully
2024-09-19 21:09:09,773 - INFO - redis database is connected successfully
2024-09-19 21:12:52,463 - INFO - redis database is connected successfully
2024-09-19 21:16:33,640 - INFO - redis database is connected successfully
2024-09-19 21:17:11,597 - INFO - redis database is connected successfully
2024-09-19 21:17:35,923 - INFO - redis database is connected successfully
2024-09-19 21:17:42,169 - INFO - |student_login_function - insert_student_data| new data row add successfully thushjhh-opsg
2024-09-19 21:17:42,169 - INFO - /user/registerStudent -> insert data successfully
2024-09-19 21:19:56,080 - INFO - |Mails - mail| -> email send to thushanmadhusankahj3@gmail.com
2024-09-19 21:19:56,081 - INFO - /user/registerStudent -> email send successfully thushanmadhusankahj3@gmail.com
2024-09-19 21:19:57,063 - INFO - redis database is connected successfully
2024-09-19 21:21:49,000 - INFO - redis database is connected successfully
2024-09-19 21:29:35,695 - INFO - redis database is connected successfully
2024-09-19 21:35:10,869 - INFO - redis database is connected successfully
2024-09-19 21:38:11,941 - INFO - redis database is connected successfully
2024-09-19 21:40:57,231 - INFO - redis database is connected successfully
2024-09-19 21:43:18,382 - INFO - |auth -> verify_token| - successful Decode JWT
2024-09-19 21:43:18,386 - INFO - /admin/logged/student/addStudent -> data adding is fail
2024-09-19 21:44:00,040 - INFO - |auth -> verify_token| - successful Decode JWT
2024-09-19 21:44:00,045 - INFO - /admin/logged/student/addStudent -> data adding is fail
2024-09-19 21:45:05,071 - INFO - |auth -> verify_token| - successful Decode JWT
2024-09-19 21:45:05,074 - INFO - /admin/logged/student/addStudent -> data adding is fail
2024-09-19 21:45:14,677 - INFO - |auth -> verify_token| - successful Decode JWT
2024-09-19 21:45:14,680 - INFO - /admin/logged/student/addStudent -> data adding is fail
2024-09-19 21:48:30,683 - INFO - redis database is connected successfully
2024-09-19 21:56:46,665 - INFO - redis database is connected successfully
2024-09-19 22:04:19,977 - INFO - redis database is connected successfully
2024-09-19 22:25:01,591 - INFO - redis database is connected successfully
2024-09-19 22:26:16,208 - INFO - redis database is connected successfully
2024-09-19 22:29:44,257 - INFO - redis database is connected successfully
2024-09-19 22:31:51,752 - INFO - redis database is connected successfully
2024-09-19 22:34:32,705 - INFO - redis database is connected successfully
2024-09-19 22:37:06,745 - WARNING - /user/studentLogin -> login fail thush-eoe6 2rjhy9
2024-09-19 22:39:29,202 - INFO - /admin/adminLogin - send response -> status: False (username|password incorrect)
2024-09-20 06:46:15,589 - INFO - redis database is connected successfully
2024-09-20 06:46:15,845 - INFO - Database is created
2024-09-20 06:46:25,385 - INFO - |authAdmin -> authenticate_admin| - compare a password [True, False]
2024-09-20 06:46:25,388 - INFO - |authAdmin - authenticate_admin| -> get result from admin db using username
2024-09-20 06:46:25,388 - INFO - |auth - create_access_token| create successfully
2024-09-20 06:46:25,389 - INFO - /admin/adminLogin -> send response  status: success
2024-09-20 06:46:47,579 - INFO - |student_logging_function - check_email_mobile| -> get data from database success
2024-09-20 06:46:47,581 - INFO - |student_login_function - insert_student_data| new data row add successfully thushjhh-elt7
2024-09-20 06:46:47,581 - INFO - /user/registerStudent -> insert data successfully
2024-09-20 06:49:01,193 - INFO - |Mails - mail| -> email send to thushanmadhusankahj3@gmail.com
2024-09-20 06:49:01,194 - INFO - /user/registerStudent -> email send successfully thushanmadhusankahj3@gmail.com
2024-09-20 06:51:21,296 - INFO - redis database is connected successfully
2024-09-20 06:51:21,443 - INFO - Database is created
2024-09-20 06:51:24,062 - INFO - |student_logging_function - check_email_mobile| -> get data from database success
2024-09-20 06:51:24,072 - INFO - |student_login_function - insert_student_data| new data row add successfully thushjhh-hnnz
2024-09-20 06:51:24,072 - INFO - /user/registerStudent -> insert data successfully
2024-09-20 06:53:37,411 - INFO - |Mails - mail| -> email send to thushanmadhusankahj3@gmail.com
2024-09-20 06:53:37,412 - INFO - /user/registerStudent -> email send successfully thushanmadhusankahj3@gmail.com
2024-09-20 06:54:16,282 - INFO - |student_logging_function - check_email_mobile| -> get data from database success
2024-09-20 06:55:46,174 - INFO - |student_logging_function - check_email_mobile| -> get data from database success
2024-09-20 06:55:46,182 - INFO - |student_login_function - insert_student_data| new data row add successfully thush-f7ne
2024-09-20 06:55:46,182 - INFO - /user/registerStudent -> insert data successfully
2024-09-20 06:57:59,552 - INFO - |Mails - mail| -> email send to thushanmadhusanka3@gmail.com
2024-09-20 06:57:59,553 - INFO - /user/registerStudent -> email send successfully thushanmadhusanka3@gmail.com
2024-09-20 07:00:24,847 - INFO - redis database is connected successfully
2024-09-20 07:00:24,980 - INFO - Database is created
2024-09-20 07:02:13,079 - INFO - redis database is connected successfully
2024-09-20 07:02:13,206 - INFO - Database is created
2024-09-20 07:30:10,540 - INFO - redis database is connected successfully
2024-09-20 07:30:10,727 - INFO - Database is created
2024-09-20 14:29:37,353 - INFO - redis database is connected successfully
2024-09-20 14:29:37,974 - INFO - Database is created
2024-09-20 14:30:19,432 - INFO - redis database is connected successfully
2024-09-20 14:30:19,566 - INFO - Database is created
2024-09-20 14:33:44,990 - INFO - Database is created
2024-09-21 15:57:09,513 - INFO - Database is created
2024-09-21 15:59:22,334 - INFO - Database is created
2024-09-21 16:08:24,416 - INFO - Database is created
