2024-08-16 16:39:14 - uvicorn.error - INFO - Will watch for changes in these directories: ['/home/thush/Desktop/project-zflex/python/exedme_project']
2024-08-16 16:39:14 - uvicorn.error - INFO - Will watch for changes in these directories: ['/home/thush/Desktop/project-zflex/python/exedme_project']
2024-08-16 16:39:14 - uvicorn.error - INFO - Will watch for changes in these directories: ['/home/thush/Desktop/project-zflex/python/exedme_project']
2024-08-16 16:39:14 - uvicorn.error - INFO - Uvicorn running on http://127.0.0.1:8000 (Press CTRL+C to quit)
2024-08-16 16:39:14 - uvicorn.error - INFO - Uvicorn running on http://127.0.0.1:8000 (Press CTRL+C to quit)
2024-08-16 16:39:14 - uvicorn.error - INFO - Uvicorn running on http://127.0.0.1:8000 (Press CTRL+C to quit)
2024-08-16 16:39:14 - uvicorn.error - INFO - Started reloader process [232060] using StatReload
2024-08-16 16:39:14 - uvicorn.error - INFO - Started reloader process [232060] using StatReload
2024-08-16 16:39:14 - uvicorn.error - INFO - Started reloader process [232060] using StatReload
2024-08-16 16:39:15 - app_log - INFO - redis database is connected successfully
2024-08-16 16:39:15 - app_log - INFO - Database is created
2024-08-16 16:39:15 - uvicorn.error - INFO - Started server process [232062]
2024-08-16 16:39:15 - uvicorn.error - INFO - Started server process [232062]
2024-08-16 16:39:15 - uvicorn.error - INFO - Started server process [232062]
2024-08-16 16:39:15 - uvicorn.error - INFO - Waiting for application startup.
2024-08-16 16:39:15 - uvicorn.error - INFO - Waiting for application startup.
2024-08-16 16:39:15 - uvicorn.error - INFO - Waiting for application startup.
2024-08-16 16:39:15 - uvicorn.error - INFO - Application startup complete.
2024-08-16 16:39:15 - uvicorn.error - INFO - Application startup complete.
2024-08-16 16:39:15 - uvicorn.error - INFO - Application startup complete.
2024-08-16 16:41:28 - uvicorn.error - INFO - Shutting down
2024-08-16 16:41:28 - uvicorn.error - INFO - Shutting down
2024-08-16 16:41:28 - uvicorn.error - INFO - Shutting down
2024-08-16 16:41:28 - uvicorn.error - INFO - Waiting for application shutdown.
2024-08-16 16:41:28 - uvicorn.error - INFO - Waiting for application shutdown.
2024-08-16 16:41:28 - uvicorn.error - INFO - Waiting for application shutdown.
2024-08-16 16:41:28 - uvicorn.error - INFO - Application shutdown complete.
2024-08-16 16:41:28 - uvicorn.error - INFO - Application shutdown complete.
2024-08-16 16:41:28 - uvicorn.error - INFO - Application shutdown complete.
2024-08-16 16:41:28 - uvicorn.error - INFO - Finished server process [232062]
2024-08-16 16:41:28 - uvicorn.error - INFO - Finished server process [232062]
2024-08-16 16:41:28 - uvicorn.error - INFO - Finished server process [232062]
2024-08-16 16:41:28 - uvicorn.error - INFO - Stopping reloader process [232060]
2024-08-16 16:41:28 - uvicorn.error - INFO - Stopping reloader process [232060]
2024-08-16 16:41:28 - uvicorn.error - INFO - Stopping reloader process [232060]
2024-08-16 16:49:03 - INFO - Will watch for changes in these directories: ['/home/thush/Desktop/project-zflex/python/exedme_project']
2024-08-16 16:49:03 - INFO - Will watch for changes in these directories: ['/home/thush/Desktop/project-zflex/python/exedme_project']
2024-08-16 16:49:03 - INFO - Will watch for changes in these directories: ['/home/thush/Desktop/project-zflex/python/exedme_project']
2024-08-16 16:49:03 - INFO - Uvicorn running on http://0.0.0.0:8000 (Press CTRL+C to quit)
2024-08-16 16:49:03 - INFO - Uvicorn running on http://0.0.0.0:8000 (Press CTRL+C to quit)
2024-08-16 16:49:03 - INFO - Uvicorn running on http://0.0.0.0:8000 (Press CTRL+C to quit)
2024-08-16 16:49:03 - INFO - Started reloader process [237289] using StatReload
2024-08-16 16:49:03 - INFO - Started reloader process [237289] using StatReload
2024-08-16 16:49:03 - INFO - Started reloader process [237289] using StatReload
2024-08-16 16:49:04 - INFO - redis database is connected successfully
2024-08-16 16:49:04 - INFO - Database is created
2024-08-16 16:49:04 - INFO - Started server process [237291]
2024-08-16 16:49:04 - INFO - Started server process [237291]
2024-08-16 16:49:04 - INFO - Started server process [237291]
2024-08-16 16:49:04 - INFO - Waiting for application startup.
2024-08-16 16:49:04 - INFO - Waiting for application startup.
2024-08-16 16:49:04 - INFO - Waiting for application startup.
2024-08-16 16:49:04 - INFO - Application startup complete.
2024-08-16 16:49:04 - INFO - Application startup complete.
2024-08-16 16:49:04 - INFO - Application startup complete.
2024-08-16 16:49:29 - INFO - 192.168.8.168:33634 - "GET / HTTP/1.1" 404
2024-08-16 16:49:36 - INFO - 192.168.8.168:48276 - "GET /docs HTTP/1.1" 404
2024-08-16 16:53:19 - WARNING - StatReload detected changes in 'main.py'. Reloading...
2024-08-16 16:53:19 - WARNING - StatReload detected changes in 'main.py'. Reloading...
2024-08-16 16:53:19 - WARNING - StatReload detected changes in 'main.py'. Reloading...
2024-08-16 16:53:19 - INFO - Shutting down
2024-08-16 16:53:19 - INFO - Shutting down
2024-08-16 16:53:19 - INFO - Shutting down
2024-08-16 16:53:19 - INFO - Waiting for application shutdown.
2024-08-16 16:53:19 - INFO - Waiting for application shutdown.
2024-08-16 16:53:19 - INFO - Waiting for application shutdown.
2024-08-16 16:53:19 - INFO - Application shutdown complete.
2024-08-16 16:53:19 - INFO - Application shutdown complete.
2024-08-16 16:53:19 - INFO - Application shutdown complete.
2024-08-16 16:53:19 - INFO - Finished server process [237291]
2024-08-16 16:53:19 - INFO - Finished server process [237291]
2024-08-16 16:53:19 - INFO - Finished server process [237291]
2024-08-16 16:53:20 - INFO - redis database is connected successfully
2024-08-16 16:53:20 - INFO - Database is created
2024-08-16 16:53:20 - INFO - Started server process [239412]
2024-08-16 16:53:20 - INFO - Started server process [239412]
2024-08-16 16:53:20 - INFO - Started server process [239412]
2024-08-16 16:53:20 - INFO - Waiting for application startup.
2024-08-16 16:53:20 - INFO - Waiting for application startup.
2024-08-16 16:53:20 - INFO - Waiting for application startup.
2024-08-16 16:53:20 - INFO - Application startup complete.
2024-08-16 16:53:20 - INFO - Application startup complete.
2024-08-16 16:53:20 - INFO - Application startup complete.
2024-08-16 17:02:23 - WARNING - StatReload detected changes in 'Routes/Admin/AdminLoged/Student/student_schema.py'. Reloading...
2024-08-16 17:02:23 - WARNING - StatReload detected changes in 'Routes/Admin/AdminLoged/Student/student_schema.py'. Reloading...
2024-08-16 17:02:23 - WARNING - StatReload detected changes in 'Routes/Admin/AdminLoged/Student/student_schema.py'. Reloading...
2024-08-16 17:02:23 - INFO - Shutting down
2024-08-16 17:02:23 - INFO - Shutting down
2024-08-16 17:02:23 - INFO - Shutting down
2024-08-16 17:02:23 - INFO - Waiting for application shutdown.
2024-08-16 17:02:23 - INFO - Waiting for application shutdown.
2024-08-16 17:02:23 - INFO - Waiting for application shutdown.
2024-08-16 17:02:23 - INFO - Application shutdown complete.
2024-08-16 17:02:23 - INFO - Application shutdown complete.
2024-08-16 17:02:23 - INFO - Application shutdown complete.
2024-08-16 17:02:23 - INFO - Finished server process [239412]
2024-08-16 17:02:23 - INFO - Finished server process [239412]
2024-08-16 17:02:23 - INFO - Finished server process [239412]
2024-08-16 17:02:24 - INFO - redis database is connected successfully
2024-08-16 17:03:26 - WARNING - StatReload detected changes in 'Routes/Admin/AdminLoged/Student/student_schema.py'. Reloading...
2024-08-16 17:03:26 - WARNING - StatReload detected changes in 'Routes/Admin/AdminLoged/Student/student_schema.py'. Reloading...
2024-08-16 17:03:26 - WARNING - StatReload detected changes in 'Routes/Admin/AdminLoged/Student/student_schema.py'. Reloading...
2024-08-16 17:03:27 - INFO - redis database is connected successfully
2024-08-16 17:03:27 - INFO - Database is created
2024-08-16 17:03:27 - INFO - Started server process [244424]
2024-08-16 17:03:27 - INFO - Started server process [244424]
2024-08-16 17:03:27 - INFO - Started server process [244424]
2024-08-16 17:03:27 - INFO - Waiting for application startup.
2024-08-16 17:03:27 - INFO - Waiting for application startup.
2024-08-16 17:03:27 - INFO - Waiting for application startup.
2024-08-16 17:03:27 - INFO - Application startup complete.
2024-08-16 17:03:27 - INFO - Application startup complete.
2024-08-16 17:03:27 - INFO - Application startup complete.
2024-08-16 17:03:42 - WARNING - StatReload detected changes in 'Routes/Admin/AdminLoged/Student/student_schema.py'. Reloading...
2024-08-16 17:03:42 - WARNING - StatReload detected changes in 'Routes/Admin/AdminLoged/Student/student_schema.py'. Reloading...
2024-08-16 17:03:42 - WARNING - StatReload detected changes in 'Routes/Admin/AdminLoged/Student/student_schema.py'. Reloading...
2024-08-16 17:03:42 - INFO - Shutting down
2024-08-16 17:03:42 - INFO - Shutting down
2024-08-16 17:03:42 - INFO - Shutting down
2024-08-16 17:03:42 - INFO - Waiting for application shutdown.
2024-08-16 17:03:42 - INFO - Waiting for application shutdown.
2024-08-16 17:03:42 - INFO - Waiting for application shutdown.
2024-08-16 17:03:42 - INFO - Application shutdown complete.
2024-08-16 17:03:42 - INFO - Application shutdown complete.
2024-08-16 17:03:42 - INFO - Application shutdown complete.
2024-08-16 17:03:42 - INFO - Finished server process [244424]
2024-08-16 17:03:42 - INFO - Finished server process [244424]
2024-08-16 17:03:42 - INFO - Finished server process [244424]
2024-08-16 17:03:43 - INFO - redis database is connected successfully
2024-08-16 17:03:43 - INFO - Database is created
2024-08-16 17:03:43 - INFO - Started server process [244550]
2024-08-16 17:03:43 - INFO - Started server process [244550]
2024-08-16 17:03:43 - INFO - Started server process [244550]
2024-08-16 17:03:43 - INFO - Waiting for application startup.
2024-08-16 17:03:43 - INFO - Waiting for application startup.
2024-08-16 17:03:43 - INFO - Waiting for application startup.
2024-08-16 17:03:43 - INFO - Application startup complete.
2024-08-16 17:03:43 - INFO - Application startup complete.
2024-08-16 17:03:43 - INFO - Application startup complete.
2024-08-16 17:10:02 - WARNING - StatReload detected changes in 'Routes/Admin/AdminLoged/admin_topic.py'. Reloading...
2024-08-16 17:10:02 - WARNING - StatReload detected changes in 'Routes/Admin/AdminLoged/admin_topic.py'. Reloading...
2024-08-16 17:10:02 - WARNING - StatReload detected changes in 'Routes/Admin/AdminLoged/admin_topic.py'. Reloading...
2024-08-16 17:10:02 - INFO - Shutting down
2024-08-16 17:10:02 - INFO - Shutting down
2024-08-16 17:10:02 - INFO - Shutting down
2024-08-16 17:10:02 - INFO - Waiting for application shutdown.
2024-08-16 17:10:02 - INFO - Waiting for application shutdown.
2024-08-16 17:10:02 - INFO - Waiting for application shutdown.
2024-08-16 17:10:02 - INFO - Application shutdown complete.
2024-08-16 17:10:02 - INFO - Application shutdown complete.
2024-08-16 17:10:02 - INFO - Application shutdown complete.
2024-08-16 17:10:02 - INFO - Finished server process [244550]
2024-08-16 17:10:02 - INFO - Finished server process [244550]
2024-08-16 17:10:02 - INFO - Finished server process [244550]
2024-08-16 17:10:03 - INFO - redis database is connected successfully
2024-08-16 17:11:15 - WARNING - StatReload detected changes in 'Routes/Admin/AdminLoged/admin_topic.py'. Reloading...
2024-08-16 17:11:15 - WARNING - StatReload detected changes in 'Routes/Admin/AdminLoged/admin_topic.py'. Reloading...
2024-08-16 17:11:15 - WARNING - StatReload detected changes in 'Routes/Admin/AdminLoged/admin_topic.py'. Reloading...
2024-08-16 17:11:16 - INFO - redis database is connected successfully
2024-08-16 17:16:43 - WARNING - StatReload detected changes in 'Routes/Admin/AdminLoged/panel_function.py'. Reloading...
2024-08-16 17:16:43 - WARNING - StatReload detected changes in 'Routes/Admin/AdminLoged/panel_function.py'. Reloading...
2024-08-16 17:16:43 - WARNING - StatReload detected changes in 'Routes/Admin/AdminLoged/panel_function.py'. Reloading...
2024-08-16 17:16:44 - INFO - redis database is connected successfully
2024-08-16 17:18:05 - WARNING - StatReload detected changes in 'Routes/Admin/AdminLoged/panel_function.py'. Reloading...
2024-08-16 17:18:05 - WARNING - StatReload detected changes in 'Routes/Admin/AdminLoged/panel_function.py'. Reloading...
2024-08-16 17:18:05 - WARNING - StatReload detected changes in 'Routes/Admin/AdminLoged/panel_function.py'. Reloading...
2024-08-16 17:18:06 - INFO - redis database is connected successfully
2024-08-16 17:35:20 - WARNING - StatReload detected changes in 'Routes/Admin/AdminLoged/panel_function.py'. Reloading...
2024-08-16 17:35:20 - WARNING - StatReload detected changes in 'Routes/Admin/AdminLoged/panel_function.py'. Reloading...
2024-08-16 17:35:20 - WARNING - StatReload detected changes in 'Routes/Admin/AdminLoged/panel_function.py'. Reloading...
2024-08-16 17:35:21 - INFO - redis database is connected successfully
2024-08-16 17:39:58 - WARNING - StatReload detected changes in 'Authorized/auth.py'. Reloading...
2024-08-16 17:39:58 - WARNING - StatReload detected changes in 'Authorized/auth.py'. Reloading...
2024-08-16 17:39:58 - WARNING - StatReload detected changes in 'Authorized/auth.py'. Reloading...
2024-08-16 17:39:59 - INFO - redis database is connected successfully
2024-08-16 17:44:55 - WARNING - StatReload detected changes in 'Authorized/auth.py'. Reloading...
2024-08-16 17:44:55 - WARNING - StatReload detected changes in 'Authorized/auth.py'. Reloading...
2024-08-16 17:44:55 - WARNING - StatReload detected changes in 'Authorized/auth.py'. Reloading...
2024-08-16 17:44:56 - INFO - redis database is connected successfully
2024-08-16 17:45:59 - WARNING - StatReload detected changes in 'Routes/Admin/AdminLoged/admin_topic.py'. Reloading...
2024-08-16 17:45:59 - WARNING - StatReload detected changes in 'Routes/Admin/AdminLoged/admin_topic.py'. Reloading...
2024-08-16 17:45:59 - WARNING - StatReload detected changes in 'Routes/Admin/AdminLoged/admin_topic.py'. Reloading...
2024-08-16 17:46:00 - INFO - redis database is connected successfully
2024-08-16 17:57:16 - WARNING - StatReload detected changes in 'Routes/Admin/admin.py'. Reloading...
2024-08-16 17:57:16 - WARNING - StatReload detected changes in 'Routes/Admin/admin.py'. Reloading...
2024-08-16 17:57:16 - WARNING - StatReload detected changes in 'Routes/Admin/admin.py'. Reloading...
2024-08-16 17:57:17 - INFO - redis database is connected successfully
2024-08-16 18:02:33 - WARNING - StatReload detected changes in 'Routes/Admin/AdminLoged/admin_topic.py'. Reloading...
2024-08-16 18:02:33 - WARNING - StatReload detected changes in 'Routes/Admin/AdminLoged/admin_topic.py'. Reloading...
2024-08-16 18:02:33 - WARNING - StatReload detected changes in 'Routes/Admin/AdminLoged/admin_topic.py'. Reloading...
2024-08-16 18:02:34 - INFO - redis database is connected successfully
2024-08-16 18:08:41 - WARNING - StatReload detected changes in 'Routes/Admin/AdminLoged/admin_topic.py'. Reloading...
2024-08-16 18:08:41 - WARNING - StatReload detected changes in 'Routes/Admin/AdminLoged/admin_topic.py'. Reloading...
2024-08-16 18:08:41 - WARNING - StatReload detected changes in 'Routes/Admin/AdminLoged/admin_topic.py'. Reloading...
2024-08-16 18:08:42 - INFO - redis database is connected successfully
2024-08-16 18:08:43 - INFO - Database is created
2024-08-16 18:08:43 - INFO - Started server process [276747]
2024-08-16 18:08:43 - INFO - Started server process [276747]
2024-08-16 18:08:43 - INFO - Started server process [276747]
2024-08-16 18:08:43 - INFO - Waiting for application startup.
2024-08-16 18:08:43 - INFO - Waiting for application startup.
2024-08-16 18:08:43 - INFO - Waiting for application startup.
2024-08-16 18:08:43 - INFO - Application startup complete.
2024-08-16 18:08:43 - INFO - Application startup complete.
2024-08-16 18:08:43 - INFO - Application startup complete.
2024-08-16 18:08:43 - INFO - 192.168.8.168:46504 - "GET /docs HTTP/1.1" 200
2024-08-16 18:16:47 - WARNING - StatReload detected changes in 'Routes/Student/StudentLogged/authStudent.py'. Reloading...
2024-08-16 18:16:47 - WARNING - StatReload detected changes in 'Routes/Student/StudentLogged/authStudent.py'. Reloading...
2024-08-16 18:16:47 - WARNING - StatReload detected changes in 'Routes/Student/StudentLogged/authStudent.py'. Reloading...
2024-08-16 18:16:48 - INFO - Shutting down
2024-08-16 18:16:48 - INFO - Shutting down
2024-08-16 18:16:48 - INFO - Shutting down
2024-08-16 18:16:48 - INFO - Waiting for application shutdown.
2024-08-16 18:16:48 - INFO - Waiting for application shutdown.
2024-08-16 18:16:48 - INFO - Waiting for application shutdown.
2024-08-16 18:16:48 - INFO - Application shutdown complete.
2024-08-16 18:16:48 - INFO - Application shutdown complete.
2024-08-16 18:16:48 - INFO - Application shutdown complete.
2024-08-16 18:16:48 - INFO - Finished server process [276747]
2024-08-16 18:16:48 - INFO - Finished server process [276747]
2024-08-16 18:16:48 - INFO - Finished server process [276747]
2024-08-16 18:16:49 - INFO - redis database is connected successfully
2024-08-16 18:18:45 - WARNING - StatReload detected changes in 'Routes/Student/StudentLogged/authStudent.py'. Reloading...
2024-08-16 18:18:45 - WARNING - StatReload detected changes in 'Routes/Student/StudentLogged/authStudent.py'. Reloading...
2024-08-16 18:18:45 - WARNING - StatReload detected changes in 'Routes/Student/StudentLogged/authStudent.py'. Reloading...
2024-08-16 18:18:46 - INFO - redis database is connected successfully
2024-08-16 18:18:46 - INFO - Database is created
2024-08-16 18:18:46 - INFO - Started server process [281754]
2024-08-16 18:18:46 - INFO - Started server process [281754]
2024-08-16 18:18:46 - INFO - Started server process [281754]
2024-08-16 18:18:46 - INFO - Waiting for application startup.
2024-08-16 18:18:46 - INFO - Waiting for application startup.
2024-08-16 18:18:46 - INFO - Waiting for application startup.
2024-08-16 18:18:46 - INFO - Application startup complete.
2024-08-16 18:18:46 - INFO - Application startup complete.
2024-08-16 18:18:46 - INFO - Application startup complete.
2024-08-16 18:20:17 - INFO - 192.168.8.168:57462 - "GET /docs HTTP/1.1" 200
2024-08-16 18:20:17 - INFO - 192.168.8.168:57462 - "GET /openapi.json HTTP/1.1" 200
2024-08-16 18:27:36 - INFO - |authAdmin -> authenticate_admin| - compare a password [True, False]
2024-08-16 18:27:37 - INFO - |authAdmin - authenticate_admin| -> get result from admin db using username
2024-08-16 18:27:37 - INFO - |auth - create_access_token| create successfully
2024-08-16 18:27:37 - INFO - /admin/adminLogin -> send response  status: success
2024-08-16 18:27:37 - INFO - 127.0.0.1:48708 - "POST /api/v1/admin/adminLogin HTTP/1.1" 200
2024-08-16 18:29:35 - INFO - 127.0.0.1:47380 - "POST /api/v1/admin/logged/callLogs HTTP/1.1" 405
2024-08-16 18:29:42 - INFO - |auth -> verify_token| - successful Decode JWT
2024-08-16 18:29:42 - ERROR - |panel_function - get_call_logs| -> [Errno 2] No such file or directory: '../../../logs/daily_conference_logs/2024-08-16'
2024-08-16 18:29:42 - INFO - /admin/logged/callLoge -> get a data in file
2024-08-16 18:29:42 - INFO - 127.0.0.1:47382 - "GET /api/v1/admin/logged/callLogs HTTP/1.1" 400
2024-08-16 18:30:52 - WARNING - StatReload detected changes in 'Routes/Admin/AdminLoged/panel_function.py'. Reloading...
2024-08-16 18:30:52 - WARNING - StatReload detected changes in 'Routes/Admin/AdminLoged/panel_function.py'. Reloading...
2024-08-16 18:30:52 - WARNING - StatReload detected changes in 'Routes/Admin/AdminLoged/panel_function.py'. Reloading...
2024-08-16 18:30:53 - INFO - Shutting down
2024-08-16 18:30:53 - INFO - Shutting down
2024-08-16 18:30:53 - INFO - Shutting down
2024-08-16 18:30:53 - INFO - Waiting for application shutdown.
2024-08-16 18:30:53 - INFO - Waiting for application shutdown.
2024-08-16 18:30:53 - INFO - Waiting for application shutdown.
2024-08-16 18:30:53 - INFO - Application shutdown complete.
2024-08-16 18:30:53 - INFO - Application shutdown complete.
2024-08-16 18:30:53 - INFO - Application shutdown complete.
2024-08-16 18:30:53 - INFO - Finished server process [281754]
2024-08-16 18:30:53 - INFO - Finished server process [281754]
2024-08-16 18:30:53 - INFO - Finished server process [281754]
2024-08-16 18:30:54 - INFO - redis database is connected successfully
2024-08-16 18:30:54 - INFO - Database is created
2024-08-16 18:30:54 - INFO - Started server process [287828]
2024-08-16 18:30:54 - INFO - Started server process [287828]
2024-08-16 18:30:54 - INFO - Started server process [287828]
2024-08-16 18:30:54 - INFO - Waiting for application startup.
2024-08-16 18:30:54 - INFO - Waiting for application startup.
2024-08-16 18:30:54 - INFO - Waiting for application startup.
2024-08-16 18:30:54 - INFO - Application startup complete.
2024-08-16 18:30:54 - INFO - Application startup complete.
2024-08-16 18:30:54 - INFO - Application startup complete.
2024-08-16 18:30:57 - INFO - |auth -> verify_token| - successful Decode JWT
2024-08-16 18:30:57 - INFO - |panel_function - get_call_logs| -> file read successfully: Date 2024-08-16
2024-08-16 18:30:57 - ERROR - |panel_function - get_call_logs| -> reverse expected 2 arguments, got 1
2024-08-16 18:30:57 - INFO - /admin/logged/callLoge -> get a data in file
2024-08-16 18:30:57 - INFO - 127.0.0.1:56570 - "GET /api/v1/admin/logged/callLogs HTTP/1.1" 400
2024-08-16 18:31:31 - WARNING - StatReload detected changes in 'Routes/Admin/AdminLoged/panel_function.py'. Reloading...
2024-08-16 18:31:31 - WARNING - StatReload detected changes in 'Routes/Admin/AdminLoged/panel_function.py'. Reloading...
2024-08-16 18:31:31 - WARNING - StatReload detected changes in 'Routes/Admin/AdminLoged/panel_function.py'. Reloading...
2024-08-16 18:31:31 - INFO - Shutting down
2024-08-16 18:31:31 - INFO - Shutting down
2024-08-16 18:31:31 - INFO - Shutting down
2024-08-16 18:31:31 - INFO - Waiting for application shutdown.
2024-08-16 18:31:31 - INFO - Waiting for application shutdown.
2024-08-16 18:31:31 - INFO - Waiting for application shutdown.
2024-08-16 18:31:31 - INFO - Application shutdown complete.
2024-08-16 18:31:31 - INFO - Application shutdown complete.
2024-08-16 18:31:31 - INFO - Application shutdown complete.
2024-08-16 18:31:31 - INFO - Finished server process [287828]
2024-08-16 18:31:31 - INFO - Finished server process [287828]
2024-08-16 18:31:31 - INFO - Finished server process [287828]
2024-08-16 18:31:32 - INFO - redis database is connected successfully
2024-08-16 18:31:32 - INFO - Database is created
2024-08-16 18:31:32 - INFO - Started server process [288139]
2024-08-16 18:31:32 - INFO - Started server process [288139]
2024-08-16 18:31:32 - INFO - Started server process [288139]
2024-08-16 18:31:32 - INFO - Waiting for application startup.
2024-08-16 18:31:32 - INFO - Waiting for application startup.
2024-08-16 18:31:32 - INFO - Waiting for application startup.
2024-08-16 18:31:32 - INFO - Application startup complete.
2024-08-16 18:31:32 - INFO - Application startup complete.
2024-08-16 18:31:32 - INFO - Application startup complete.
2024-08-16 18:31:39 - INFO - |auth -> verify_token| - successful Decode JWT
2024-08-16 18:31:39 - INFO - |panel_function - get_call_logs| -> file read successfully: Date 2024-08-16
2024-08-16 18:31:39 - INFO - /admin/logged/callLoge -> get a data in file
2024-08-16 18:31:39 - INFO - 127.0.0.1:59936 - "GET /api/v1/admin/logged/callLogs HTTP/1.1" 400
2024-08-16 18:32:25 - WARNING - StatReload detected changes in 'Routes/Admin/AdminLoged/panel_function.py'. Reloading...
2024-08-16 18:32:25 - WARNING - StatReload detected changes in 'Routes/Admin/AdminLoged/panel_function.py'. Reloading...
2024-08-16 18:32:25 - WARNING - StatReload detected changes in 'Routes/Admin/AdminLoged/panel_function.py'. Reloading...
2024-08-16 18:32:25 - INFO - Shutting down
2024-08-16 18:32:25 - INFO - Shutting down
2024-08-16 18:32:25 - INFO - Shutting down
2024-08-16 18:32:25 - INFO - Waiting for application shutdown.
2024-08-16 18:32:25 - INFO - Waiting for application shutdown.
2024-08-16 18:32:25 - INFO - Waiting for application shutdown.
2024-08-16 18:32:25 - INFO - Application shutdown complete.
2024-08-16 18:32:25 - INFO - Application shutdown complete.
2024-08-16 18:32:25 - INFO - Application shutdown complete.
2024-08-16 18:32:25 - INFO - Finished server process [288139]
2024-08-16 18:32:25 - INFO - Finished server process [288139]
2024-08-16 18:32:25 - INFO - Finished server process [288139]
2024-08-16 18:32:26 - INFO - redis database is connected successfully
2024-08-16 18:32:26 - INFO - Database is created
2024-08-16 18:32:26 - INFO - Started server process [288599]
2024-08-16 18:32:26 - INFO - Started server process [288599]
2024-08-16 18:32:26 - INFO - Started server process [288599]
2024-08-16 18:32:26 - INFO - Waiting for application startup.
2024-08-16 18:32:26 - INFO - Waiting for application startup.
2024-08-16 18:32:26 - INFO - Waiting for application startup.
2024-08-16 18:32:26 - INFO - Application startup complete.
2024-08-16 18:32:26 - INFO - Application startup complete.
2024-08-16 18:32:26 - INFO - Application startup complete.
2024-08-16 18:32:31 - INFO - |auth -> verify_token| - successful Decode JWT
2024-08-16 18:32:31 - INFO - |panel_function - get_call_logs| -> file read successfully: Date 2024-08-16
2024-08-16 18:32:31 - INFO - /admin/logged/callLoge -> get a data in file
2024-08-16 18:32:31 - INFO - 127.0.0.1:48992 - "GET /api/v1/admin/logged/callLogs HTTP/1.1" 400
2024-08-16 18:33:13 - WARNING - StatReload detected changes in 'Routes/Admin/AdminLoged/panel_function.py'. Reloading...
2024-08-16 18:33:13 - WARNING - StatReload detected changes in 'Routes/Admin/AdminLoged/panel_function.py'. Reloading...
2024-08-16 18:33:13 - WARNING - StatReload detected changes in 'Routes/Admin/AdminLoged/panel_function.py'. Reloading...
2024-08-16 18:33:13 - INFO - Shutting down
2024-08-16 18:33:13 - INFO - Shutting down
2024-08-16 18:33:13 - INFO - Shutting down
2024-08-16 18:33:13 - INFO - Waiting for application shutdown.
2024-08-16 18:33:13 - INFO - Waiting for application shutdown.
2024-08-16 18:33:13 - INFO - Waiting for application shutdown.
2024-08-16 18:33:13 - INFO - Application shutdown complete.
2024-08-16 18:33:13 - INFO - Application shutdown complete.
2024-08-16 18:33:13 - INFO - Application shutdown complete.
2024-08-16 18:33:13 - INFO - Finished server process [288599]
2024-08-16 18:33:13 - INFO - Finished server process [288599]
2024-08-16 18:33:13 - INFO - Finished server process [288599]
2024-08-16 18:33:14 - INFO - redis database is connected successfully
2024-08-16 18:33:14 - INFO - Database is created
2024-08-16 18:33:14 - INFO - Started server process [288997]
2024-08-16 18:33:14 - INFO - Started server process [288997]
2024-08-16 18:33:14 - INFO - Started server process [288997]
2024-08-16 18:33:14 - INFO - Waiting for application startup.
2024-08-16 18:33:14 - INFO - Waiting for application startup.
2024-08-16 18:33:14 - INFO - Waiting for application startup.
2024-08-16 18:33:14 - INFO - Application startup complete.
2024-08-16 18:33:14 - INFO - Application startup complete.
2024-08-16 18:33:14 - INFO - Application startup complete.
2024-08-16 18:33:50 - WARNING - StatReload detected changes in 'Routes/Admin/AdminLoged/admin_topic.py'. Reloading...
2024-08-16 18:33:50 - WARNING - StatReload detected changes in 'Routes/Admin/AdminLoged/admin_topic.py'. Reloading...
2024-08-16 18:33:50 - WARNING - StatReload detected changes in 'Routes/Admin/AdminLoged/admin_topic.py'. Reloading...
2024-08-16 18:33:50 - INFO - Shutting down
2024-08-16 18:33:50 - INFO - Shutting down
2024-08-16 18:33:50 - INFO - Shutting down
2024-08-16 18:33:50 - INFO - Waiting for application shutdown.
2024-08-16 18:33:50 - INFO - Waiting for application shutdown.
2024-08-16 18:33:50 - INFO - Waiting for application shutdown.
2024-08-16 18:33:50 - INFO - Application shutdown complete.
2024-08-16 18:33:50 - INFO - Application shutdown complete.
2024-08-16 18:33:50 - INFO - Application shutdown complete.
2024-08-16 18:33:50 - INFO - Finished server process [288997]
2024-08-16 18:33:50 - INFO - Finished server process [288997]
2024-08-16 18:33:50 - INFO - Finished server process [288997]
2024-08-16 18:33:51 - INFO - redis database is connected successfully
2024-08-16 18:33:51 - INFO - Database is created
2024-08-16 18:33:51 - INFO - Started server process [289303]
2024-08-16 18:33:51 - INFO - Started server process [289303]
2024-08-16 18:33:51 - INFO - Started server process [289303]
2024-08-16 18:33:51 - INFO - Waiting for application startup.
2024-08-16 18:33:51 - INFO - Waiting for application startup.
2024-08-16 18:33:51 - INFO - Waiting for application startup.
2024-08-16 18:33:51 - INFO - Application startup complete.
2024-08-16 18:33:51 - INFO - Application startup complete.
2024-08-16 18:33:51 - INFO - Application startup complete.
2024-08-16 18:33:54 - INFO - |auth -> verify_token| - successful Decode JWT
2024-08-16 18:33:54 - INFO - |panel_function - get_call_logs| -> file read successfully: Date 2024-08-16
2024-08-16 18:33:54 - INFO - /admin/logged/callLoge -> get a data in file
2024-08-16 18:33:54 - ERROR - /admin/logged/callLogs -> object of type 'NoneType' has no len()
2024-08-16 18:33:54 - INFO - 127.0.0.1:32998 - "GET /api/v1/admin/logged/callLogs HTTP/1.1" 400
2024-08-16 18:35:00 - WARNING - StatReload detected changes in 'Routes/Admin/AdminLoged/admin_topic.py'. Reloading...
2024-08-16 18:35:00 - WARNING - StatReload detected changes in 'Routes/Admin/AdminLoged/admin_topic.py'. Reloading...
2024-08-16 18:35:00 - WARNING - StatReload detected changes in 'Routes/Admin/AdminLoged/admin_topic.py'. Reloading...
2024-08-16 18:35:00 - INFO - Shutting down
2024-08-16 18:35:00 - INFO - Shutting down
2024-08-16 18:35:00 - INFO - Shutting down
2024-08-16 18:35:01 - INFO - Waiting for application shutdown.
2024-08-16 18:35:01 - INFO - Waiting for application shutdown.
2024-08-16 18:35:01 - INFO - Waiting for application shutdown.
2024-08-16 18:35:01 - INFO - Application shutdown complete.
2024-08-16 18:35:01 - INFO - Application shutdown complete.
2024-08-16 18:35:01 - INFO - Application shutdown complete.
2024-08-16 18:35:01 - INFO - Finished server process [289303]
2024-08-16 18:35:01 - INFO - Finished server process [289303]
2024-08-16 18:35:01 - INFO - Finished server process [289303]
2024-08-16 18:35:01 - INFO - redis database is connected successfully
2024-08-16 18:35:02 - INFO - Database is created
2024-08-16 18:35:02 - INFO - Started server process [289882]
2024-08-16 18:35:02 - INFO - Started server process [289882]
2024-08-16 18:35:02 - INFO - Started server process [289882]
2024-08-16 18:35:02 - INFO - Waiting for application startup.
2024-08-16 18:35:02 - INFO - Waiting for application startup.
2024-08-16 18:35:02 - INFO - Waiting for application startup.
2024-08-16 18:35:02 - INFO - Application startup complete.
2024-08-16 18:35:02 - INFO - Application startup complete.
2024-08-16 18:35:02 - INFO - Application startup complete.
2024-08-16 18:35:04 - INFO - |auth -> verify_token| - successful Decode JWT
2024-08-16 18:35:04 - INFO - |panel_function - get_call_logs| -> file read successfully: Date 2024-08-16
2024-08-16 18:35:04 - INFO - /admin/logged/callLoge -> get a data in file
2024-08-16 18:35:04 - INFO - 127.0.0.1:49818 - "GET /api/v1/admin/logged/callLogs HTTP/1.1" 400
2024-08-16 18:36:28 - WARNING - StatReload detected changes in 'Routes/Admin/AdminLoged/admin_topic.py'. Reloading...
2024-08-16 18:36:28 - WARNING - StatReload detected changes in 'Routes/Admin/AdminLoged/admin_topic.py'. Reloading...
2024-08-16 18:36:28 - WARNING - StatReload detected changes in 'Routes/Admin/AdminLoged/admin_topic.py'. Reloading...
2024-08-16 18:36:28 - INFO - Shutting down
2024-08-16 18:36:28 - INFO - Shutting down
2024-08-16 18:36:28 - INFO - Shutting down
2024-08-16 18:36:28 - INFO - Waiting for application shutdown.
2024-08-16 18:36:28 - INFO - Waiting for application shutdown.
2024-08-16 18:36:28 - INFO - Waiting for application shutdown.
2024-08-16 18:36:28 - INFO - Application shutdown complete.
2024-08-16 18:36:28 - INFO - Application shutdown complete.
2024-08-16 18:36:28 - INFO - Application shutdown complete.
2024-08-16 18:36:28 - INFO - Finished server process [289882]
2024-08-16 18:36:28 - INFO - Finished server process [289882]
2024-08-16 18:36:28 - INFO - Finished server process [289882]
2024-08-16 18:36:29 - INFO - redis database is connected successfully
2024-08-16 18:36:29 - INFO - Database is created
2024-08-16 18:36:29 - INFO - Started server process [290591]
2024-08-16 18:36:29 - INFO - Started server process [290591]
2024-08-16 18:36:29 - INFO - Started server process [290591]
2024-08-16 18:36:29 - INFO - Waiting for application startup.
2024-08-16 18:36:29 - INFO - Waiting for application startup.
2024-08-16 18:36:29 - INFO - Waiting for application startup.
2024-08-16 18:36:29 - INFO - Application startup complete.
2024-08-16 18:36:29 - INFO - Application startup complete.
2024-08-16 18:36:29 - INFO - Application startup complete.
2024-08-16 18:36:36 - INFO - |auth -> verify_token| - successful Decode JWT
2024-08-16 18:36:36 - INFO - |panel_function - get_call_logs| -> file read successfully: Date 2024-08-16
2024-08-16 18:36:36 - INFO - /admin/logged/callLoge -> get a data in file
2024-08-16 18:36:36 - INFO - 127.0.0.1:53850 - "GET /api/v1/admin/logged/callLogs HTTP/1.1" 400
2024-08-16 18:39:22 - WARNING - StatReload detected changes in 'Routes/Admin/AdminLoged/admin_topic.py'. Reloading...
2024-08-16 18:39:22 - WARNING - StatReload detected changes in 'Routes/Admin/AdminLoged/admin_topic.py'. Reloading...
2024-08-16 18:39:22 - WARNING - StatReload detected changes in 'Routes/Admin/AdminLoged/admin_topic.py'. Reloading...
2024-08-16 18:39:22 - INFO - Shutting down
2024-08-16 18:39:22 - INFO - Shutting down
2024-08-16 18:39:22 - INFO - Shutting down
2024-08-16 18:39:22 - INFO - Waiting for application shutdown.
2024-08-16 18:39:22 - INFO - Waiting for application shutdown.
2024-08-16 18:39:22 - INFO - Waiting for application shutdown.
2024-08-16 18:39:22 - INFO - Application shutdown complete.
2024-08-16 18:39:22 - INFO - Application shutdown complete.
2024-08-16 18:39:22 - INFO - Application shutdown complete.
2024-08-16 18:39:22 - INFO - Finished server process [290591]
2024-08-16 18:39:22 - INFO - Finished server process [290591]
2024-08-16 18:39:22 - INFO - Finished server process [290591]
2024-08-16 18:39:23 - INFO - redis database is connected successfully
2024-08-16 18:39:23 - INFO - Database is created
2024-08-16 18:39:23 - INFO - Started server process [292072]
2024-08-16 18:39:23 - INFO - Started server process [292072]
2024-08-16 18:39:23 - INFO - Started server process [292072]
2024-08-16 18:39:23 - INFO - Waiting for application startup.
2024-08-16 18:39:23 - INFO - Waiting for application startup.
2024-08-16 18:39:23 - INFO - Waiting for application startup.
2024-08-16 18:39:23 - INFO - Application startup complete.
2024-08-16 18:39:23 - INFO - Application startup complete.
2024-08-16 18:39:23 - INFO - Application startup complete.
2024-08-16 18:39:26 - INFO - |auth -> verify_token| - successful Decode JWT
2024-08-16 18:39:26 - INFO - |panel_function - get_call_logs| -> file read successfully: Date 2024-08-16
2024-08-16 18:39:26 - INFO - /admin/logged/callLoge -> get a data in file
2024-08-16 18:39:26 - INFO - 127.0.0.1:38178 - "GET /api/v1/admin/logged/callLogs HTTP/1.1" 400
2024-08-16 18:40:59 - WARNING - StatReload detected changes in 'Routes/Admin/AdminLoged/admin_topic.py'. Reloading...
2024-08-16 18:40:59 - WARNING - StatReload detected changes in 'Routes/Admin/AdminLoged/admin_topic.py'. Reloading...
2024-08-16 18:40:59 - WARNING - StatReload detected changes in 'Routes/Admin/AdminLoged/admin_topic.py'. Reloading...
2024-08-16 18:40:59 - INFO - Shutting down
2024-08-16 18:40:59 - INFO - Shutting down
2024-08-16 18:40:59 - INFO - Shutting down
2024-08-16 18:40:59 - INFO - Waiting for application shutdown.
2024-08-16 18:40:59 - INFO - Waiting for application shutdown.
2024-08-16 18:40:59 - INFO - Waiting for application shutdown.
2024-08-16 18:40:59 - INFO - Application shutdown complete.
2024-08-16 18:40:59 - INFO - Application shutdown complete.
2024-08-16 18:40:59 - INFO - Application shutdown complete.
2024-08-16 18:40:59 - INFO - Finished server process [292072]
2024-08-16 18:40:59 - INFO - Finished server process [292072]
2024-08-16 18:40:59 - INFO - Finished server process [292072]
2024-08-16 18:41:00 - INFO - redis database is connected successfully
2024-08-16 18:41:00 - INFO - Database is created
2024-08-16 18:41:00 - INFO - Started server process [292867]
2024-08-16 18:41:00 - INFO - Started server process [292867]
2024-08-16 18:41:00 - INFO - Started server process [292867]
2024-08-16 18:41:00 - INFO - Waiting for application startup.
2024-08-16 18:41:00 - INFO - Waiting for application startup.
2024-08-16 18:41:00 - INFO - Waiting for application startup.
2024-08-16 18:41:00 - INFO - Application startup complete.
2024-08-16 18:41:00 - INFO - Application startup complete.
2024-08-16 18:41:00 - INFO - Application startup complete.
2024-08-16 18:41:04 - INFO - |auth -> verify_token| - successful Decode JWT
2024-08-16 18:41:04 - INFO - |panel_function - get_call_logs| -> file read successfully: Date 2024-08-16
2024-08-16 18:41:04 - INFO - /admin/logged/callLoge -> get a data in file
2024-08-16 18:41:04 - INFO - 127.0.0.1:47620 - "GET /api/v1/admin/logged/callLogs HTTP/1.1" 200
2024-08-16 18:41:31 - WARNING - StatReload detected changes in 'Routes/Admin/AdminLoged/admin_topic.py'. Reloading...
2024-08-16 18:41:31 - WARNING - StatReload detected changes in 'Routes/Admin/AdminLoged/admin_topic.py'. Reloading...
2024-08-16 18:41:31 - WARNING - StatReload detected changes in 'Routes/Admin/AdminLoged/admin_topic.py'. Reloading...
2024-08-16 18:41:31 - INFO - Shutting down
2024-08-16 18:41:31 - INFO - Shutting down
2024-08-16 18:41:31 - INFO - Shutting down
2024-08-16 18:41:31 - INFO - Waiting for application shutdown.
2024-08-16 18:41:31 - INFO - Waiting for application shutdown.
2024-08-16 18:41:31 - INFO - Waiting for application shutdown.
2024-08-16 18:41:31 - INFO - Application shutdown complete.
2024-08-16 18:41:31 - INFO - Application shutdown complete.
2024-08-16 18:41:31 - INFO - Application shutdown complete.
2024-08-16 18:41:31 - INFO - Finished server process [292867]
2024-08-16 18:41:31 - INFO - Finished server process [292867]
2024-08-16 18:41:31 - INFO - Finished server process [292867]
2024-08-16 18:41:32 - INFO - redis database is connected successfully
2024-08-16 18:41:32 - INFO - Database is created
2024-08-16 18:41:32 - INFO - Started server process [293147]
2024-08-16 18:41:32 - INFO - Started server process [293147]
2024-08-16 18:41:32 - INFO - Started server process [293147]
2024-08-16 18:41:32 - INFO - Waiting for application startup.
2024-08-16 18:41:32 - INFO - Waiting for application startup.
2024-08-16 18:41:32 - INFO - Waiting for application startup.
2024-08-16 18:41:32 - INFO - Application startup complete.
2024-08-16 18:41:32 - INFO - Application startup complete.
2024-08-16 18:41:32 - INFO - Application startup complete.
2024-08-16 18:41:35 - INFO - |auth -> verify_token| - successful Decode JWT
2024-08-16 18:41:35 - INFO - |panel_function - get_call_logs| -> file read successfully: Date 2024-08-16
2024-08-16 18:41:35 - INFO - /admin/logged/callLoge -> get a data in file
2024-08-16 18:41:35 - INFO - 127.0.0.1:45990 - "GET /api/v1/admin/logged/callLogs HTTP/1.1" 200
2024-08-16 18:42:11 - WARNING - StatReload detected changes in 'Routes/Admin/AdminLoged/panel_function.py'. Reloading...
2024-08-16 18:42:11 - WARNING - StatReload detected changes in 'Routes/Admin/AdminLoged/panel_function.py'. Reloading...
2024-08-16 18:42:11 - WARNING - StatReload detected changes in 'Routes/Admin/AdminLoged/panel_function.py'. Reloading...
2024-08-16 18:42:11 - INFO - Shutting down
2024-08-16 18:42:11 - INFO - Shutting down
2024-08-16 18:42:11 - INFO - Shutting down
2024-08-16 18:42:11 - INFO - Waiting for application shutdown.
2024-08-16 18:42:11 - INFO - Waiting for application shutdown.
2024-08-16 18:42:11 - INFO - Waiting for application shutdown.
2024-08-16 18:42:11 - INFO - Application shutdown complete.
2024-08-16 18:42:11 - INFO - Application shutdown complete.
2024-08-16 18:42:11 - INFO - Application shutdown complete.
2024-08-16 18:42:11 - INFO - Finished server process [293147]
2024-08-16 18:42:11 - INFO - Finished server process [293147]
2024-08-16 18:42:11 - INFO - Finished server process [293147]
2024-08-16 18:42:12 - INFO - redis database is connected successfully
2024-08-16 18:42:12 - INFO - Database is created
2024-08-16 18:42:12 - INFO - Started server process [293489]
2024-08-16 18:42:12 - INFO - Started server process [293489]
2024-08-16 18:42:12 - INFO - Started server process [293489]
2024-08-16 18:42:12 - INFO - Waiting for application startup.
2024-08-16 18:42:12 - INFO - Waiting for application startup.
2024-08-16 18:42:12 - INFO - Waiting for application startup.
2024-08-16 18:42:12 - INFO - Application startup complete.
2024-08-16 18:42:12 - INFO - Application startup complete.
2024-08-16 18:42:12 - INFO - Application startup complete.
2024-08-16 18:42:15 - INFO - |auth -> verify_token| - successful Decode JWT
2024-08-16 18:42:15 - INFO - |panel_function - get_call_logs| -> file read successfully: Date 2024-08-16
2024-08-16 18:42:15 - INFO - /admin/logged/callLoge -> get a data in file
2024-08-16 18:42:15 - INFO - 127.0.0.1:33444 - "GET /api/v1/admin/logged/callLogs HTTP/1.1" 200
2024-08-16 18:42:30 - WARNING - StatReload detected changes in 'Routes/Admin/AdminLoged/panel_function.py'. Reloading...
2024-08-16 18:42:30 - WARNING - StatReload detected changes in 'Routes/Admin/AdminLoged/panel_function.py'. Reloading...
2024-08-16 18:42:30 - WARNING - StatReload detected changes in 'Routes/Admin/AdminLoged/panel_function.py'. Reloading...
2024-08-16 18:42:30 - INFO - Shutting down
2024-08-16 18:42:30 - INFO - Shutting down
2024-08-16 18:42:30 - INFO - Shutting down
2024-08-16 18:42:30 - INFO - Waiting for application shutdown.
2024-08-16 18:42:30 - INFO - Waiting for application shutdown.
2024-08-16 18:42:30 - INFO - Waiting for application shutdown.
2024-08-16 18:42:30 - INFO - Application shutdown complete.
2024-08-16 18:42:30 - INFO - Application shutdown complete.
2024-08-16 18:42:30 - INFO - Application shutdown complete.
2024-08-16 18:42:30 - INFO - Finished server process [293489]
2024-08-16 18:42:30 - INFO - Finished server process [293489]
2024-08-16 18:42:30 - INFO - Finished server process [293489]
2024-08-16 18:42:31 - INFO - redis database is connected successfully
2024-08-16 18:42:31 - INFO - Database is created
2024-08-16 18:42:31 - INFO - Started server process [293643]
2024-08-16 18:42:31 - INFO - Started server process [293643]
2024-08-16 18:42:31 - INFO - Started server process [293643]
2024-08-16 18:42:31 - INFO - Waiting for application startup.
2024-08-16 18:42:31 - INFO - Waiting for application startup.
2024-08-16 18:42:31 - INFO - Waiting for application startup.
2024-08-16 18:42:31 - INFO - Application startup complete.
2024-08-16 18:42:31 - INFO - Application startup complete.
2024-08-16 18:42:31 - INFO - Application startup complete.
2024-08-16 18:42:34 - INFO - |auth -> verify_token| - successful Decode JWT
2024-08-16 18:42:34 - INFO - |panel_function - get_call_logs| -> file read successfully: Date 2024-08-16
2024-08-16 18:42:34 - INFO - /admin/logged/callLoge -> get a data in file
2024-08-16 18:42:34 - INFO - 127.0.0.1:46534 - "GET /api/v1/admin/logged/callLogs HTTP/1.1" 200
2024-08-16 18:44:02 - INFO - |auth -> verify_token| - successful Decode JWT
2024-08-16 18:44:02 - INFO - |panel_function - get_call_logs| -> file read successfully: Date 2024-08-16
2024-08-16 18:44:02 - INFO - /admin/logged/callLoge -> get a data in file
2024-08-16 18:44:02 - INFO - 127.0.0.1:57504 - "GET /api/v1/admin/logged/callLogs HTTP/1.1" 200
2024-08-16 18:44:12 - WARNING - StatReload detected changes in 'Routes/Admin/AdminLoged/panel_function.py'. Reloading...
2024-08-16 18:44:12 - WARNING - StatReload detected changes in 'Routes/Admin/AdminLoged/panel_function.py'. Reloading...
2024-08-16 18:44:12 - WARNING - StatReload detected changes in 'Routes/Admin/AdminLoged/panel_function.py'. Reloading...
2024-08-16 18:44:12 - INFO - Shutting down
2024-08-16 18:44:12 - INFO - Shutting down
2024-08-16 18:44:12 - INFO - Shutting down
2024-08-16 18:44:12 - INFO - Waiting for application shutdown.
2024-08-16 18:44:12 - INFO - Waiting for application shutdown.
2024-08-16 18:44:12 - INFO - Waiting for application shutdown.
2024-08-16 18:44:12 - INFO - Application shutdown complete.
2024-08-16 18:44:12 - INFO - Application shutdown complete.
2024-08-16 18:44:12 - INFO - Application shutdown complete.
2024-08-16 18:44:12 - INFO - Finished server process [293643]
2024-08-16 18:44:12 - INFO - Finished server process [293643]
2024-08-16 18:44:12 - INFO - Finished server process [293643]
2024-08-16 18:44:13 - INFO - redis database is connected successfully
2024-08-16 18:44:13 - INFO - Database is created
2024-08-16 18:44:13 - INFO - Started server process [294491]
2024-08-16 18:44:13 - INFO - Started server process [294491]
2024-08-16 18:44:13 - INFO - Started server process [294491]
2024-08-16 18:44:13 - INFO - Waiting for application startup.
2024-08-16 18:44:13 - INFO - Waiting for application startup.
2024-08-16 18:44:13 - INFO - Waiting for application startup.
2024-08-16 18:44:13 - INFO - Application startup complete.
2024-08-16 18:44:13 - INFO - Application startup complete.
2024-08-16 18:44:13 - INFO - Application startup complete.
2024-08-16 18:44:15 - INFO - |auth -> verify_token| - successful Decode JWT
2024-08-16 18:44:15 - INFO - |panel_function - get_call_logs| -> file read successfully: Date 2024-08-16
2024-08-16 18:44:15 - INFO - /admin/logged/callLoge -> get a data in file
2024-08-16 18:44:15 - INFO - 127.0.0.1:45740 - "GET /api/v1/admin/logged/callLogs HTTP/1.1" 200
2024-08-16 18:45:11 - WARNING - StatReload detected changes in 'Routes/Admin/AdminLoged/panel_function.py'. Reloading...
2024-08-16 18:45:11 - WARNING - StatReload detected changes in 'Routes/Admin/AdminLoged/panel_function.py'. Reloading...
2024-08-16 18:45:11 - WARNING - StatReload detected changes in 'Routes/Admin/AdminLoged/panel_function.py'. Reloading...
2024-08-16 18:45:11 - INFO - Shutting down
2024-08-16 18:45:11 - INFO - Shutting down
2024-08-16 18:45:11 - INFO - Shutting down
2024-08-16 18:45:11 - INFO - Waiting for application shutdown.
2024-08-16 18:45:11 - INFO - Waiting for application shutdown.
2024-08-16 18:45:11 - INFO - Waiting for application shutdown.
2024-08-16 18:45:11 - INFO - Application shutdown complete.
2024-08-16 18:45:11 - INFO - Application shutdown complete.
2024-08-16 18:45:11 - INFO - Application shutdown complete.
2024-08-16 18:45:11 - INFO - Finished server process [294491]
2024-08-16 18:45:11 - INFO - Finished server process [294491]
2024-08-16 18:45:11 - INFO - Finished server process [294491]
2024-08-16 18:45:12 - INFO - redis database is connected successfully
2024-08-16 18:45:12 - INFO - Database is created
2024-08-16 18:45:12 - INFO - Started server process [294986]
2024-08-16 18:45:12 - INFO - Started server process [294986]
2024-08-16 18:45:12 - INFO - Started server process [294986]
2024-08-16 18:45:12 - INFO - Waiting for application startup.
2024-08-16 18:45:12 - INFO - Waiting for application startup.
2024-08-16 18:45:12 - INFO - Waiting for application startup.
2024-08-16 18:45:12 - INFO - Application startup complete.
2024-08-16 18:45:12 - INFO - Application startup complete.
2024-08-16 18:45:12 - INFO - Application startup complete.
2024-08-16 18:45:15 - INFO - |auth -> verify_token| - successful Decode JWT
2024-08-16 18:45:15 - INFO - |panel_function - get_call_logs| -> file read successfully: Date 2024-08-16
2024-08-16 18:45:15 - INFO - /admin/logged/callLoge -> get a data in file
2024-08-16 18:45:15 - INFO - 127.0.0.1:57958 - "GET /api/v1/admin/logged/callLogs HTTP/1.1" 200
2024-08-16 18:51:19 - WARNING - StatReload detected changes in 'Routes/Admin/AdminLoged/admin_topic.py'. Reloading...
2024-08-16 18:51:19 - WARNING - StatReload detected changes in 'Routes/Admin/AdminLoged/admin_topic.py'. Reloading...
2024-08-16 18:51:19 - WARNING - StatReload detected changes in 'Routes/Admin/AdminLoged/admin_topic.py'. Reloading...
2024-08-16 18:51:19 - INFO - Shutting down
2024-08-16 18:51:19 - INFO - Shutting down
2024-08-16 18:51:19 - INFO - Shutting down
2024-08-16 18:51:19 - INFO - Waiting for application shutdown.
2024-08-16 18:51:19 - INFO - Waiting for application shutdown.
2024-08-16 18:51:19 - INFO - Waiting for application shutdown.
2024-08-16 18:51:19 - INFO - Application shutdown complete.
2024-08-16 18:51:19 - INFO - Application shutdown complete.
2024-08-16 18:51:19 - INFO - Application shutdown complete.
2024-08-16 18:51:19 - INFO - Finished server process [294986]
2024-08-16 18:51:19 - INFO - Finished server process [294986]
2024-08-16 18:51:19 - INFO - Finished server process [294986]
2024-08-16 18:51:20 - INFO - redis database is connected successfully
2024-08-16 18:51:20 - INFO - Database is created
2024-08-16 18:51:20 - INFO - Started server process [298006]
2024-08-16 18:51:20 - INFO - Started server process [298006]
2024-08-16 18:51:20 - INFO - Started server process [298006]
2024-08-16 18:51:20 - INFO - Waiting for application startup.
2024-08-16 18:51:20 - INFO - Waiting for application startup.
2024-08-16 18:51:20 - INFO - Waiting for application startup.
2024-08-16 18:51:20 - INFO - Application startup complete.
2024-08-16 18:51:20 - INFO - Application startup complete.
2024-08-16 18:51:20 - INFO - Application startup complete.
2024-08-16 18:52:27 - INFO - |auth -> verify_token| - successful Decode JWT
2024-08-16 18:52:27 - INFO - |panel_function - get_call_logs| -> file read successfully: Date 2024-08-16
2024-08-16 18:52:27 - INFO - /admin/logged/callLogs -> get a data in file
2024-08-16 18:52:27 - INFO - 127.0.0.1:36024 - "GET /api/v1/admin/logged/callLogs HTTP/1.1" 200
2024-08-16 18:54:42 - WARNING - StatReload detected changes in 'Routes/Admin/AdminLoged/panel_function.py'. Reloading...
2024-08-16 18:54:42 - WARNING - StatReload detected changes in 'Routes/Admin/AdminLoged/panel_function.py'. Reloading...
2024-08-16 18:54:42 - WARNING - StatReload detected changes in 'Routes/Admin/AdminLoged/panel_function.py'. Reloading...
2024-08-16 18:54:42 - INFO - Shutting down
2024-08-16 18:54:42 - INFO - Shutting down
2024-08-16 18:54:42 - INFO - Shutting down
2024-08-16 18:54:42 - INFO - Waiting for application shutdown.
2024-08-16 18:54:42 - INFO - Waiting for application shutdown.
2024-08-16 18:54:42 - INFO - Waiting for application shutdown.
2024-08-16 18:54:42 - INFO - Application shutdown complete.
2024-08-16 18:54:42 - INFO - Application shutdown complete.
2024-08-16 18:54:42 - INFO - Application shutdown complete.
2024-08-16 18:54:42 - INFO - Finished server process [298006]
2024-08-16 18:54:42 - INFO - Finished server process [298006]
2024-08-16 18:54:42 - INFO - Finished server process [298006]
2024-08-16 18:54:43 - INFO - redis database is connected successfully
2024-08-16 18:54:43 - INFO - Database is created
2024-08-16 18:54:43 - INFO - Started server process [299695]
2024-08-16 18:54:43 - INFO - Started server process [299695]
2024-08-16 18:54:43 - INFO - Started server process [299695]
2024-08-16 18:54:43 - INFO - Waiting for application startup.
2024-08-16 18:54:43 - INFO - Waiting for application startup.
2024-08-16 18:54:43 - INFO - Waiting for application startup.
2024-08-16 18:54:43 - INFO - Application startup complete.
2024-08-16 18:54:43 - INFO - Application startup complete.
2024-08-16 18:54:43 - INFO - Application startup complete.
2024-08-16 18:54:46 - INFO - |auth -> verify_token| - successful Decode JWT
2024-08-16 18:54:46 - INFO - |panel_function - get_call_logs| -> file read successfully: Date 2024-08-16
2024-08-16 18:54:46 - INFO - /admin/logged/callLogs -> get a data in file
2024-08-16 18:54:46 - INFO - 127.0.0.1:52394 - "GET /api/v1/admin/logged/callLogs HTTP/1.1" 200
2024-08-16 18:54:57 - INFO - |auth -> verify_token| - successful Decode JWT
2024-08-16 18:54:57 - ERROR - |panel_function - get_call_logs| -> [Errno 2] No such file or directory: 'logs/daily_conference_logs/2024-08-1'
2024-08-16 18:54:57 - INFO - /admin/logged/callLogs -> get a data in file
2024-08-16 18:54:57 - INFO - 127.0.0.1:56966 - "GET /api/v1/admin/logged/callLogs HTTP/1.1" 400
2024-08-16 18:55:03 - INFO - |auth -> verify_token| - successful Decode JWT
2024-08-16 18:55:03 - INFO - |panel_function - get_call_logs| -> file read successfully: Date 2024-08-16
2024-08-16 18:55:03 - INFO - /admin/logged/callLogs -> get a data in file
2024-08-16 18:55:03 - INFO - 127.0.0.1:56970 - "GET /api/v1/admin/logged/callLogs HTTP/1.1" 200
2024-08-16 18:56:18 - INFO - Shutting down
2024-08-16 18:56:18 - INFO - Shutting down
2024-08-16 18:56:18 - INFO - Shutting down
2024-08-16 18:56:18 - INFO - Waiting for application shutdown.
2024-08-16 18:56:18 - INFO - Waiting for application shutdown.
2024-08-16 18:56:18 - INFO - Waiting for application shutdown.
2024-08-16 18:56:18 - INFO - Application shutdown complete.
2024-08-16 18:56:18 - INFO - Application shutdown complete.
2024-08-16 18:56:18 - INFO - Application shutdown complete.
2024-08-16 18:56:18 - INFO - Finished server process [299695]
2024-08-16 18:56:18 - INFO - Finished server process [299695]
2024-08-16 18:56:18 - INFO - Finished server process [299695]
2024-08-16 18:56:18 - INFO - Stopping reloader process [237289]
2024-08-16 18:56:18 - INFO - Stopping reloader process [237289]
2024-08-16 18:56:18 - INFO - Stopping reloader process [237289]
